{"name":"hexo","hostname":"wangyilindeMacBook-Air.local","pid":31662,"level":20,"msg":"Hexo version: \u001b[35m3.2.2\u001b[39m","time":"2016-07-15T07:24:57.474Z","v":0}
{"name":"hexo","hostname":"wangyilindeMacBook-Air.local","pid":31662,"level":20,"msg":"Working directory: \u001b[35m~/Desktop/apollo/\u001b[39m","time":"2016-07-15T07:24:57.480Z","v":0}
{"name":"hexo","hostname":"wangyilindeMacBook-Air.local","pid":31662,"level":20,"msg":"Updating package.json","time":"2016-07-15T07:24:58.114Z","v":0}
{"name":"hexo","hostname":"wangyilindeMacBook-Air.local","pid":31662,"level":20,"msg":"Config loaded: \u001b[35m~/Desktop/apollo/_config.yml\u001b[39m","time":"2016-07-15T07:24:58.131Z","v":0}
{"name":"hexo","hostname":"wangyilindeMacBook-Air.local","pid":31662,"level":20,"msg":"Plugin loaded: \u001b[35mhexo-generator-category\u001b[39m","time":"2016-07-15T07:24:58.228Z","v":0}
{"name":"hexo","hostname":"wangyilindeMacBook-Air.local","pid":31662,"level":20,"msg":"Plugin loaded: \u001b[35mhexo-generator-archive\u001b[39m","time":"2016-07-15T07:24:58.244Z","v":0}
{"name":"hexo","hostname":"wangyilindeMacBook-Air.local","pid":31662,"level":20,"msg":"Plugin loaded: \u001b[35mhexo-generator-feed\u001b[39m","time":"2016-07-15T07:24:58.556Z","v":0}
{"name":"hexo","hostname":"wangyilindeMacBook-Air.local","pid":31662,"level":20,"msg":"Plugin loaded: \u001b[35mhexo-generator-index\u001b[39m","time":"2016-07-15T07:24:58.561Z","v":0}
{"name":"hexo","hostname":"wangyilindeMacBook-Air.local","pid":31662,"level":20,"msg":"Plugin loaded: \u001b[35mhexo-browsersync\u001b[39m","time":"2016-07-15T07:24:58.955Z","v":0}
{"name":"hexo","hostname":"wangyilindeMacBook-Air.local","pid":31662,"level":20,"msg":"Plugin loaded: \u001b[35mhexo-generator-sitemap\u001b[39m","time":"2016-07-15T07:24:58.968Z","v":0}
{"name":"hexo","hostname":"wangyilindeMacBook-Air.local","pid":31662,"level":20,"msg":"Plugin loaded: \u001b[35mhexo-generator-tag\u001b[39m","time":"2016-07-15T07:24:58.973Z","v":0}
{"name":"hexo","hostname":"wangyilindeMacBook-Air.local","pid":31662,"level":20,"msg":"Plugin loaded: \u001b[35mhexo-renderer-ejs\u001b[39m","time":"2016-07-15T07:24:58.986Z","v":0}
{"name":"hexo","hostname":"wangyilindeMacBook-Air.local","pid":31662,"level":20,"msg":"Plugin loaded: \u001b[35mhexo-renderer-jade\u001b[39m","time":"2016-07-15T07:24:59.977Z","v":0}
{"name":"hexo","hostname":"wangyilindeMacBook-Air.local","pid":31662,"level":20,"msg":"Plugin loaded: \u001b[35mhexo-renderer-marked\u001b[39m","time":"2016-07-15T07:25:00.030Z","v":0}
{"name":"hexo","hostname":"wangyilindeMacBook-Air.local","pid":31662,"level":20,"msg":"Plugin loaded: \u001b[35mhexo-renderer-stylus\u001b[39m","time":"2016-07-15T07:25:00.049Z","v":0}
{"name":"hexo","hostname":"wangyilindeMacBook-Air.local","pid":31662,"level":20,"msg":"Plugin loaded: \u001b[35mhexo-server\u001b[39m","time":"2016-07-15T07:25:00.429Z","v":0}
{"name":"hexo","hostname":"wangyilindeMacBook-Air.local","pid":31662,"level":30,"msg":"Start processing","time":"2016-07-15T07:25:01.785Z","v":0}
{"name":"hexo","hostname":"wangyilindeMacBook-Air.local","pid":31662,"level":20,"msg":"Processed: \u001b[35msource/favicon.png\u001b[39m","time":"2016-07-15T07:25:01.860Z","v":0}
{"name":"hexo","hostname":"wangyilindeMacBook-Air.local","pid":31662,"level":20,"msg":"Theme config loaded.","time":"2016-07-15T07:25:01.876Z","v":0}
{"name":"hexo","hostname":"wangyilindeMacBook-Air.local","pid":31662,"level":20,"msg":"Processed: \u001b[35m_config.yml\u001b[39m","time":"2016-07-15T07:25:01.877Z","v":0}
{"name":"hexo","hostname":"wangyilindeMacBook-Air.local","pid":31662,"level":20,"msg":"Processed: \u001b[35msource/css/apollo.css\u001b[39m","time":"2016-07-15T07:25:01.883Z","v":0}
{"name":"hexo","hostname":"wangyilindeMacBook-Air.local","pid":31662,"level":20,"msg":"Processed: \u001b[35msource/scss/apollo.scss\u001b[39m","time":"2016-07-15T07:25:01.884Z","v":0}
{"name":"hexo","hostname":"wangyilindeMacBook-Air.local","pid":31662,"level":20,"msg":"Processed: \u001b[35mlayout/post.jade\u001b[39m","time":"2016-07-15T07:25:02.663Z","v":0}
{"name":"hexo","hostname":"wangyilindeMacBook-Air.local","pid":31662,"level":20,"msg":"Processed: \u001b[35mlayout/index.jade\u001b[39m","time":"2016-07-15T07:25:02.671Z","v":0}
{"name":"hexo","hostname":"wangyilindeMacBook-Air.local","pid":31662,"level":20,"msg":"Processed: \u001b[35mlayout/archive.jade\u001b[39m","time":"2016-07-15T07:25:02.672Z","v":0}
{"name":"hexo","hostname":"wangyilindeMacBook-Air.local","pid":31662,"level":20,"msg":"Processed: \u001b[35m_posts/hello-world.md\u001b[39m","time":"2016-07-15T07:25:02.696Z","v":0}
{"name":"hexo","hostname":"wangyilindeMacBook-Air.local","pid":31662,"level":20,"msg":"Processed: \u001b[35mlanguages/zh-cn.yml\u001b[39m","time":"2016-07-15T07:25:02.697Z","v":0}
{"name":"hexo","hostname":"wangyilindeMacBook-Air.local","pid":31662,"level":20,"msg":"Processed: \u001b[35mlanguages/en.yml\u001b[39m","time":"2016-07-15T07:25:02.697Z","v":0}
{"name":"hexo","hostname":"wangyilindeMacBook-Air.local","pid":31662,"level":20,"msg":"Processed: \u001b[35mlayout/mixins/paginator.jade\u001b[39m","time":"2016-07-15T07:25:02.991Z","v":0}
{"name":"hexo","hostname":"wangyilindeMacBook-Air.local","pid":31662,"level":20,"msg":"Processed: \u001b[35mlayout/mixins/post.jade\u001b[39m","time":"2016-07-15T07:25:02.991Z","v":0}
{"name":"hexo","hostname":"wangyilindeMacBook-Air.local","pid":31662,"level":20,"msg":"Processed: \u001b[35mlayout/partial/comment.jade\u001b[39m","time":"2016-07-15T07:25:02.992Z","v":0}
{"name":"hexo","hostname":"wangyilindeMacBook-Air.local","pid":31662,"level":20,"msg":"Processed: \u001b[35mlayout/partial/copyright.jade\u001b[39m","time":"2016-07-15T07:25:02.992Z","v":0}
{"name":"hexo","hostname":"wangyilindeMacBook-Air.local","pid":31662,"level":20,"msg":"Processed: \u001b[35mlayout/partial/nav.jade\u001b[39m","time":"2016-07-15T07:25:02.992Z","v":0}
{"name":"hexo","hostname":"wangyilindeMacBook-Air.local","pid":31662,"level":20,"msg":"Processed: \u001b[35mlayout/partial/layout.jade\u001b[39m","time":"2016-07-15T07:25:02.992Z","v":0}
{"name":"hexo","hostname":"wangyilindeMacBook-Air.local","pid":31662,"level":20,"msg":"Processed: \u001b[35mlayout/partial/scripts.jade\u001b[39m","time":"2016-07-15T07:25:02.992Z","v":0}
{"name":"hexo","hostname":"wangyilindeMacBook-Air.local","pid":31662,"level":20,"msg":"Processed: \u001b[35mlayout/partial/head.jade\u001b[39m","time":"2016-07-15T07:25:02.992Z","v":0}
{"name":"hexo","hostname":"wangyilindeMacBook-Air.local","pid":31662,"level":20,"msg":"Generator: \u001b[35mpage\u001b[39m","time":"2016-07-15T07:25:03.400Z","v":0}
{"name":"hexo","hostname":"wangyilindeMacBook-Air.local","pid":31662,"level":20,"msg":"Generator: \u001b[35mpost\u001b[39m","time":"2016-07-15T07:25:03.401Z","v":0}
{"name":"hexo","hostname":"wangyilindeMacBook-Air.local","pid":31662,"level":20,"msg":"Generator: \u001b[35mcategory\u001b[39m","time":"2016-07-15T07:25:03.401Z","v":0}
{"name":"hexo","hostname":"wangyilindeMacBook-Air.local","pid":31662,"level":20,"msg":"Generator: \u001b[35marchive\u001b[39m","time":"2016-07-15T07:25:03.401Z","v":0}
{"name":"hexo","hostname":"wangyilindeMacBook-Air.local","pid":31662,"level":20,"msg":"Generator: \u001b[35mfeed\u001b[39m","time":"2016-07-15T07:25:03.401Z","v":0}
{"name":"hexo","hostname":"wangyilindeMacBook-Air.local","pid":31662,"level":20,"msg":"Generator: \u001b[35mindex\u001b[39m","time":"2016-07-15T07:25:03.401Z","v":0}
{"name":"hexo","hostname":"wangyilindeMacBook-Air.local","pid":31662,"level":20,"msg":"Generator: \u001b[35msitemap\u001b[39m","time":"2016-07-15T07:25:03.402Z","v":0}
{"name":"hexo","hostname":"wangyilindeMacBook-Air.local","pid":31662,"level":20,"msg":"Generator: \u001b[35mtag\u001b[39m","time":"2016-07-15T07:25:03.402Z","v":0}
{"name":"hexo","hostname":"wangyilindeMacBook-Air.local","pid":31662,"level":20,"msg":"Generator: \u001b[35masset\u001b[39m","time":"2016-07-15T07:25:03.403Z","v":0}
{"name":"hexo","hostname":"wangyilindeMacBook-Air.local","pid":31662,"level":30,"msg":"Hexo is running at \u001b[4mhttp://localhost:4000/\u001b[24m. Press Ctrl+C to stop.","time":"2016-07-15T07:25:03.406Z","v":0}
{"name":"hexo","hostname":"wangyilindeMacBook-Air.local","pid":31662,"level":20,"msg":"Database saved","time":"2016-07-15T07:25:03.436Z","v":0}
{"name":"hexo","hostname":"wangyilindeMacBook-Air.local","pid":31662,"level":20,"msg":"Rendering index: \u001b[35mindex.html\u001b[39m","time":"2016-07-15T07:25:58.235Z","v":0}
{"name":"hexo","hostname":"wangyilindeMacBook-Air.local","pid":31662,"level":20,"msg":"Generator: \u001b[35mpage\u001b[39m","time":"2016-07-15T08:36:23.012Z","v":0}
{"name":"hexo","hostname":"wangyilindeMacBook-Air.local","pid":31662,"level":20,"msg":"Generator: \u001b[35mpost\u001b[39m","time":"2016-07-15T08:36:23.021Z","v":0}
{"name":"hexo","hostname":"wangyilindeMacBook-Air.local","pid":31662,"level":20,"msg":"Generator: \u001b[35mcategory\u001b[39m","time":"2016-07-15T08:36:23.056Z","v":0}
{"name":"hexo","hostname":"wangyilindeMacBook-Air.local","pid":31662,"level":20,"msg":"Generator: \u001b[35marchive\u001b[39m","time":"2016-07-15T08:36:23.056Z","v":0}
{"name":"hexo","hostname":"wangyilindeMacBook-Air.local","pid":31662,"level":20,"msg":"Generator: \u001b[35mfeed\u001b[39m","time":"2016-07-15T08:36:23.056Z","v":0}
{"name":"hexo","hostname":"wangyilindeMacBook-Air.local","pid":31662,"level":20,"msg":"Generator: \u001b[35mindex\u001b[39m","time":"2016-07-15T08:36:23.056Z","v":0}
{"name":"hexo","hostname":"wangyilindeMacBook-Air.local","pid":31662,"level":20,"msg":"Generator: \u001b[35msitemap\u001b[39m","time":"2016-07-15T08:36:23.056Z","v":0}
{"name":"hexo","hostname":"wangyilindeMacBook-Air.local","pid":31662,"level":20,"msg":"Generator: \u001b[35mtag\u001b[39m","time":"2016-07-15T08:36:23.057Z","v":0}
{"name":"hexo","hostname":"wangyilindeMacBook-Air.local","pid":31662,"level":20,"msg":"Generator: \u001b[35masset\u001b[39m","time":"2016-07-15T08:36:23.058Z","v":0}
{"name":"hexo","hostname":"wangyilindeMacBook-Air.local","pid":31662,"level":20,"msg":"Rendering index: \u001b[35mindex.html\u001b[39m","time":"2016-07-15T08:36:23.337Z","v":0}
{"name":"hexo","hostname":"wangyilindeMacBook-Air.local","pid":31662,"level":20,"msg":"Generator: \u001b[35mpage\u001b[39m","time":"2016-07-15T08:36:29.348Z","v":0}
{"name":"hexo","hostname":"wangyilindeMacBook-Air.local","pid":31662,"level":20,"msg":"Generator: \u001b[35mpost\u001b[39m","time":"2016-07-15T08:36:29.348Z","v":0}
{"name":"hexo","hostname":"wangyilindeMacBook-Air.local","pid":31662,"level":20,"msg":"Generator: \u001b[35mcategory\u001b[39m","time":"2016-07-15T08:36:29.348Z","v":0}
{"name":"hexo","hostname":"wangyilindeMacBook-Air.local","pid":31662,"level":20,"msg":"Generator: \u001b[35marchive\u001b[39m","time":"2016-07-15T08:36:29.348Z","v":0}
{"name":"hexo","hostname":"wangyilindeMacBook-Air.local","pid":31662,"level":20,"msg":"Generator: \u001b[35mfeed\u001b[39m","time":"2016-07-15T08:36:29.356Z","v":0}
{"name":"hexo","hostname":"wangyilindeMacBook-Air.local","pid":31662,"level":20,"msg":"Generator: \u001b[35mindex\u001b[39m","time":"2016-07-15T08:36:29.356Z","v":0}
{"name":"hexo","hostname":"wangyilindeMacBook-Air.local","pid":31662,"level":20,"msg":"Generator: \u001b[35msitemap\u001b[39m","time":"2016-07-15T08:36:29.356Z","v":0}
{"name":"hexo","hostname":"wangyilindeMacBook-Air.local","pid":31662,"level":20,"msg":"Generator: \u001b[35mtag\u001b[39m","time":"2016-07-15T08:36:29.357Z","v":0}
{"name":"hexo","hostname":"wangyilindeMacBook-Air.local","pid":31662,"level":20,"msg":"Generator: \u001b[35masset\u001b[39m","time":"2016-07-15T08:36:29.357Z","v":0}
{"name":"hexo","hostname":"wangyilindeMacBook-Air.local","pid":31662,"level":20,"msg":"Rendering index: \u001b[35mindex.html\u001b[39m","time":"2016-07-15T08:36:29.625Z","v":0}
{"name":"hexo","hostname":"wangyilindeMacBook-Air.local","pid":31662,"level":20,"msg":"Processed: \u001b[35m_posts/hello-world.md\u001b[39m","time":"2016-07-15T08:36:30.107Z","v":0}
{"name":"hexo","hostname":"wangyilindeMacBook-Air.local","pid":31662,"level":20,"msg":"Generator: \u001b[35mpage\u001b[39m","time":"2016-07-15T08:36:30.218Z","v":0}
{"name":"hexo","hostname":"wangyilindeMacBook-Air.local","pid":31662,"level":20,"msg":"Generator: \u001b[35mpost\u001b[39m","time":"2016-07-15T08:36:30.219Z","v":0}
{"name":"hexo","hostname":"wangyilindeMacBook-Air.local","pid":31662,"level":20,"msg":"Generator: \u001b[35mcategory\u001b[39m","time":"2016-07-15T08:36:30.219Z","v":0}
{"name":"hexo","hostname":"wangyilindeMacBook-Air.local","pid":31662,"level":20,"msg":"Generator: \u001b[35marchive\u001b[39m","time":"2016-07-15T08:36:30.219Z","v":0}
{"name":"hexo","hostname":"wangyilindeMacBook-Air.local","pid":31662,"level":20,"msg":"Generator: \u001b[35mindex\u001b[39m","time":"2016-07-15T08:36:30.219Z","v":0}
{"name":"hexo","hostname":"wangyilindeMacBook-Air.local","pid":31662,"level":20,"msg":"Generator: \u001b[35msitemap\u001b[39m","time":"2016-07-15T08:36:30.219Z","v":0}
{"name":"hexo","hostname":"wangyilindeMacBook-Air.local","pid":31662,"level":20,"msg":"Generator: \u001b[35mtag\u001b[39m","time":"2016-07-15T08:36:30.220Z","v":0}
{"name":"hexo","hostname":"wangyilindeMacBook-Air.local","pid":31662,"level":20,"msg":"Generator: \u001b[35masset\u001b[39m","time":"2016-07-15T08:36:30.236Z","v":0}
{"name":"hexo","hostname":"wangyilindeMacBook-Air.local","pid":31662,"level":20,"msg":"Generator: \u001b[35mpage\u001b[39m","time":"2016-07-15T08:36:35.241Z","v":0}
{"name":"hexo","hostname":"wangyilindeMacBook-Air.local","pid":31662,"level":20,"msg":"Generator: \u001b[35mpost\u001b[39m","time":"2016-07-15T08:36:35.242Z","v":0}
{"name":"hexo","hostname":"wangyilindeMacBook-Air.local","pid":31662,"level":20,"msg":"Generator: \u001b[35mcategory\u001b[39m","time":"2016-07-15T08:36:35.242Z","v":0}
{"name":"hexo","hostname":"wangyilindeMacBook-Air.local","pid":31662,"level":20,"msg":"Generator: \u001b[35marchive\u001b[39m","time":"2016-07-15T08:36:35.243Z","v":0}
{"name":"hexo","hostname":"wangyilindeMacBook-Air.local","pid":31662,"level":20,"msg":"Generator: \u001b[35mindex\u001b[39m","time":"2016-07-15T08:36:35.243Z","v":0}
{"name":"hexo","hostname":"wangyilindeMacBook-Air.local","pid":31662,"level":20,"msg":"Generator: \u001b[35msitemap\u001b[39m","time":"2016-07-15T08:36:35.243Z","v":0}
{"name":"hexo","hostname":"wangyilindeMacBook-Air.local","pid":31662,"level":20,"msg":"Generator: \u001b[35mtag\u001b[39m","time":"2016-07-15T08:36:35.243Z","v":0}
{"name":"hexo","hostname":"wangyilindeMacBook-Air.local","pid":31662,"level":20,"msg":"Generator: \u001b[35masset\u001b[39m","time":"2016-07-15T08:36:35.248Z","v":0}
{"name":"hexo","hostname":"wangyilindeMacBook-Air.local","pid":31662,"level":20,"msg":"Processed: \u001b[35m_posts/2015-08-20-bfc-note.markdown\u001b[39m","time":"2016-07-15T08:36:52.306Z","v":0}
{"name":"hexo","hostname":"wangyilindeMacBook-Air.local","pid":31662,"level":20,"msg":"Processed: \u001b[35m_posts/2015-08-20-javascript-oop.md\u001b[39m","time":"2016-07-15T08:36:52.327Z","v":0}
{"name":"hexo","hostname":"wangyilindeMacBook-Air.local","pid":31662,"level":20,"msg":"Processed: \u001b[35m_posts/2015-08-24-qunar-interview.markdown\u001b[39m","time":"2016-07-15T08:36:52.346Z","v":0}
{"name":"hexo","hostname":"wangyilindeMacBook-Air.local","pid":31662,"level":20,"msg":"Processed: \u001b[35m_posts/2015-11-23-angular-uirouter.md\u001b[39m","time":"2016-07-15T08:36:52.350Z","v":0}
{"name":"hexo","hostname":"wangyilindeMacBook-Air.local","pid":31662,"level":20,"msg":"Processed: \u001b[35m_posts/2015-12-03-html-in-email.md\u001b[39m","time":"2016-07-15T08:36:52.359Z","v":0}
{"name":"hexo","hostname":"wangyilindeMacBook-Air.local","pid":31662,"level":20,"msg":"Processed: \u001b[35m_posts/2016-01-02-clouser-scope.md\u001b[39m","time":"2016-07-15T08:36:52.370Z","v":0}
{"name":"hexo","hostname":"wangyilindeMacBook-Air.local","pid":31662,"level":20,"msg":"Processed: \u001b[35m_posts/2016-03-10-cookie-localstorage-session.md\u001b[39m","time":"2016-07-15T08:36:52.402Z","v":0}
{"name":"hexo","hostname":"wangyilindeMacBook-Air.local","pid":31662,"level":20,"msg":"Processed: \u001b[35m_posts/2016-03-17-vieport-percentage.md\u001b[39m","time":"2016-07-15T08:36:52.404Z","v":0}
{"name":"hexo","hostname":"wangyilindeMacBook-Air.local","pid":31662,"level":20,"msg":"Processed: \u001b[35m_posts/2016-06-05-angular-data-binding.markdown\u001b[39m","time":"2016-07-15T08:36:52.409Z","v":0}
{"name":"hexo","hostname":"wangyilindeMacBook-Air.local","pid":31662,"level":20,"msg":"Processed: \u001b[35m_posts/2016-06-09-rebase-workflow.md\u001b[39m","time":"2016-07-15T08:36:52.410Z","v":0}
{"name":"hexo","hostname":"wangyilindeMacBook-Air.local","pid":31662,"level":20,"msg":"Processed: \u001b[35m_posts/2016-06-26-graduation.md\u001b[39m","time":"2016-07-15T08:36:52.431Z","v":0}
{"name":"hexo","hostname":"wangyilindeMacBook-Air.local","pid":31662,"level":20,"msg":"Generator: \u001b[35mpage\u001b[39m","time":"2016-07-15T08:36:52.770Z","v":0}
{"name":"hexo","hostname":"wangyilindeMacBook-Air.local","pid":31662,"level":20,"msg":"Generator: \u001b[35mpost\u001b[39m","time":"2016-07-15T08:36:52.770Z","v":0}
{"name":"hexo","hostname":"wangyilindeMacBook-Air.local","pid":31662,"level":20,"msg":"Generator: \u001b[35mcategory\u001b[39m","time":"2016-07-15T08:36:52.770Z","v":0}
{"name":"hexo","hostname":"wangyilindeMacBook-Air.local","pid":31662,"level":20,"msg":"Generator: \u001b[35marchive\u001b[39m","time":"2016-07-15T08:36:52.770Z","v":0}
{"name":"hexo","hostname":"wangyilindeMacBook-Air.local","pid":31662,"level":20,"msg":"Generator: \u001b[35mfeed\u001b[39m","time":"2016-07-15T08:36:52.773Z","v":0}
{"name":"hexo","hostname":"wangyilindeMacBook-Air.local","pid":31662,"level":20,"msg":"Generator: \u001b[35mindex\u001b[39m","time":"2016-07-15T08:36:52.773Z","v":0}
{"name":"hexo","hostname":"wangyilindeMacBook-Air.local","pid":31662,"level":20,"msg":"Generator: \u001b[35msitemap\u001b[39m","time":"2016-07-15T08:36:52.774Z","v":0}
{"name":"hexo","hostname":"wangyilindeMacBook-Air.local","pid":31662,"level":20,"msg":"Generator: \u001b[35mtag\u001b[39m","time":"2016-07-15T08:36:52.774Z","v":0}
{"name":"hexo","hostname":"wangyilindeMacBook-Air.local","pid":31662,"level":20,"msg":"Generator: \u001b[35masset\u001b[39m","time":"2016-07-15T08:36:52.777Z","v":0}
{"name":"hexo","hostname":"wangyilindeMacBook-Air.local","pid":31662,"level":20,"msg":"Processed: \u001b[35m_posts/2015-08-20-javascript-oop.md\u001b[39m","time":"2016-07-15T08:36:52.830Z","v":0}
{"name":"hexo","hostname":"wangyilindeMacBook-Air.local","pid":31662,"level":20,"msg":"Processed: \u001b[35m_posts/2015-08-20-bfc-note.markdown\u001b[39m","time":"2016-07-15T08:36:52.831Z","v":0}
{"name":"hexo","hostname":"wangyilindeMacBook-Air.local","pid":31662,"level":20,"msg":"Processed: \u001b[35m_posts/2015-11-23-angular-uirouter.md\u001b[39m","time":"2016-07-15T08:36:52.854Z","v":0}
{"name":"hexo","hostname":"wangyilindeMacBook-Air.local","pid":31662,"level":20,"msg":"Processed: \u001b[35m_posts/2015-12-03-html-in-email.md\u001b[39m","time":"2016-07-15T08:36:52.854Z","v":0}
{"name":"hexo","hostname":"wangyilindeMacBook-Air.local","pid":31662,"level":20,"msg":"Processed: \u001b[35m_posts/2015-08-24-qunar-interview.markdown\u001b[39m","time":"2016-07-15T08:36:52.857Z","v":0}
{"name":"hexo","hostname":"wangyilindeMacBook-Air.local","pid":31662,"level":20,"msg":"Processed: \u001b[35m_posts/2016-01-02-clouser-scope.md\u001b[39m","time":"2016-07-15T08:36:52.871Z","v":0}
{"name":"hexo","hostname":"wangyilindeMacBook-Air.local","pid":31662,"level":20,"msg":"Processed: \u001b[35m_posts/2016-01-02-clouser-scope.md\u001b[39m","time":"2016-07-15T08:36:52.900Z","v":0}
{"name":"hexo","hostname":"wangyilindeMacBook-Air.local","pid":31662,"level":20,"msg":"Processed: \u001b[35m_posts/2016-06-09-rebase-workflow.md\u001b[39m","time":"2016-07-15T08:36:52.911Z","v":0}
{"name":"hexo","hostname":"wangyilindeMacBook-Air.local","pid":31662,"level":20,"msg":"Processed: \u001b[35m_posts/2016-06-05-angular-data-binding.markdown\u001b[39m","time":"2016-07-15T08:36:52.935Z","v":0}
{"name":"hexo","hostname":"wangyilindeMacBook-Air.local","pid":31662,"level":20,"msg":"Processed: \u001b[35m_posts/2016-03-10-cookie-localstorage-session.md\u001b[39m","time":"2016-07-15T08:36:52.936Z","v":0}
{"name":"hexo","hostname":"wangyilindeMacBook-Air.local","pid":31662,"level":20,"msg":"Processed: \u001b[35m_posts/2016-03-17-vieport-percentage.md\u001b[39m","time":"2016-07-15T08:36:52.936Z","v":0}
{"name":"hexo","hostname":"wangyilindeMacBook-Air.local","pid":31662,"level":20,"msg":"Processed: \u001b[35m_posts/2016-06-26-graduation.md\u001b[39m","time":"2016-07-15T08:36:53.039Z","v":0}
{"name":"hexo","hostname":"wangyilindeMacBook-Air.local","pid":31662,"level":20,"msg":"Rendering index: \u001b[35mindex.html\u001b[39m","time":"2016-07-15T08:36:53.070Z","v":0}
{"name":"hexo","hostname":"wangyilindeMacBook-Air.local","pid":31662,"level":20,"msg":"Generator: \u001b[35mpage\u001b[39m","time":"2016-07-15T08:36:53.675Z","v":0}
{"name":"hexo","hostname":"wangyilindeMacBook-Air.local","pid":31662,"level":20,"msg":"Generator: \u001b[35mpost\u001b[39m","time":"2016-07-15T08:36:53.676Z","v":0}
{"name":"hexo","hostname":"wangyilindeMacBook-Air.local","pid":31662,"level":20,"msg":"Generator: \u001b[35mcategory\u001b[39m","time":"2016-07-15T08:36:53.676Z","v":0}
{"name":"hexo","hostname":"wangyilindeMacBook-Air.local","pid":31662,"level":20,"msg":"Generator: \u001b[35marchive\u001b[39m","time":"2016-07-15T08:36:53.676Z","v":0}
{"name":"hexo","hostname":"wangyilindeMacBook-Air.local","pid":31662,"level":20,"msg":"Generator: \u001b[35mfeed\u001b[39m","time":"2016-07-15T08:36:53.676Z","v":0}
{"name":"hexo","hostname":"wangyilindeMacBook-Air.local","pid":31662,"level":20,"msg":"Generator: \u001b[35mindex\u001b[39m","time":"2016-07-15T08:36:53.676Z","v":0}
{"name":"hexo","hostname":"wangyilindeMacBook-Air.local","pid":31662,"level":20,"msg":"Generator: \u001b[35msitemap\u001b[39m","time":"2016-07-15T08:36:53.676Z","v":0}
{"name":"hexo","hostname":"wangyilindeMacBook-Air.local","pid":31662,"level":20,"msg":"Generator: \u001b[35mtag\u001b[39m","time":"2016-07-15T08:36:53.677Z","v":0}
{"name":"hexo","hostname":"wangyilindeMacBook-Air.local","pid":31662,"level":20,"msg":"Generator: \u001b[35masset\u001b[39m","time":"2016-07-15T08:36:53.679Z","v":0}
{"name":"hexo","hostname":"wangyilindeMacBook-Air.local","pid":31662,"level":20,"msg":"Generator: \u001b[35mpage\u001b[39m","time":"2016-07-15T08:36:57.711Z","v":0}
{"name":"hexo","hostname":"wangyilindeMacBook-Air.local","pid":31662,"level":20,"msg":"Generator: \u001b[35mpost\u001b[39m","time":"2016-07-15T08:36:57.722Z","v":0}
{"name":"hexo","hostname":"wangyilindeMacBook-Air.local","pid":31662,"level":20,"msg":"Generator: \u001b[35mcategory\u001b[39m","time":"2016-07-15T08:36:57.723Z","v":0}
{"name":"hexo","hostname":"wangyilindeMacBook-Air.local","pid":31662,"level":20,"msg":"Generator: \u001b[35marchive\u001b[39m","time":"2016-07-15T08:36:57.723Z","v":0}
{"name":"hexo","hostname":"wangyilindeMacBook-Air.local","pid":31662,"level":20,"msg":"Generator: \u001b[35mfeed\u001b[39m","time":"2016-07-15T08:36:57.723Z","v":0}
{"name":"hexo","hostname":"wangyilindeMacBook-Air.local","pid":31662,"level":20,"msg":"Generator: \u001b[35mindex\u001b[39m","time":"2016-07-15T08:36:57.724Z","v":0}
{"name":"hexo","hostname":"wangyilindeMacBook-Air.local","pid":31662,"level":20,"msg":"Generator: \u001b[35msitemap\u001b[39m","time":"2016-07-15T08:36:57.724Z","v":0}
{"name":"hexo","hostname":"wangyilindeMacBook-Air.local","pid":31662,"level":20,"msg":"Generator: \u001b[35mtag\u001b[39m","time":"2016-07-15T08:36:57.724Z","v":0}
{"name":"hexo","hostname":"wangyilindeMacBook-Air.local","pid":31662,"level":20,"msg":"Generator: \u001b[35masset\u001b[39m","time":"2016-07-15T08:36:57.725Z","v":0}
{"name":"hexo","hostname":"wangyilindeMacBook-Air.local","pid":31662,"level":20,"msg":"Rendering index: \u001b[35mindex.html\u001b[39m","time":"2016-07-15T08:36:57.864Z","v":0}
{"name":"hexo","hostname":"wangyilindeMacBook-Air.local","pid":31662,"level":20,"msg":"Rendering index: \u001b[35mindex.html\u001b[39m","time":"2016-07-15T08:37:07.493Z","v":0}
{"name":"hexo","hostname":"wangyilindeMacBook-Air.local","pid":31662,"level":20,"msg":"Processed: \u001b[35m_posts/2016-06-26-graduation.md\u001b[39m","time":"2016-07-15T08:37:22.751Z","v":0}
{"name":"hexo","hostname":"wangyilindeMacBook-Air.local","pid":31662,"level":20,"msg":"Generator: \u001b[35mpage\u001b[39m","time":"2016-07-15T08:37:22.903Z","v":0}
{"name":"hexo","hostname":"wangyilindeMacBook-Air.local","pid":31662,"level":20,"msg":"Generator: \u001b[35mpost\u001b[39m","time":"2016-07-15T08:37:22.903Z","v":0}
{"name":"hexo","hostname":"wangyilindeMacBook-Air.local","pid":31662,"level":20,"msg":"Generator: \u001b[35mcategory\u001b[39m","time":"2016-07-15T08:37:22.904Z","v":0}
{"name":"hexo","hostname":"wangyilindeMacBook-Air.local","pid":31662,"level":20,"msg":"Generator: \u001b[35marchive\u001b[39m","time":"2016-07-15T08:37:22.904Z","v":0}
{"name":"hexo","hostname":"wangyilindeMacBook-Air.local","pid":31662,"level":20,"msg":"Generator: \u001b[35mfeed\u001b[39m","time":"2016-07-15T08:37:22.904Z","v":0}
{"name":"hexo","hostname":"wangyilindeMacBook-Air.local","pid":31662,"level":20,"msg":"Generator: \u001b[35mindex\u001b[39m","time":"2016-07-15T08:37:22.904Z","v":0}
{"name":"hexo","hostname":"wangyilindeMacBook-Air.local","pid":31662,"level":20,"msg":"Generator: \u001b[35msitemap\u001b[39m","time":"2016-07-15T08:37:22.904Z","v":0}
{"name":"hexo","hostname":"wangyilindeMacBook-Air.local","pid":31662,"level":20,"msg":"Generator: \u001b[35mtag\u001b[39m","time":"2016-07-15T08:37:22.904Z","v":0}
{"name":"hexo","hostname":"wangyilindeMacBook-Air.local","pid":31662,"level":20,"msg":"Generator: \u001b[35masset\u001b[39m","time":"2016-07-15T08:37:22.906Z","v":0}
{"name":"hexo","hostname":"wangyilindeMacBook-Air.local","pid":31662,"level":20,"msg":"Rendering index: \u001b[35mindex.html\u001b[39m","time":"2016-07-15T08:37:23.083Z","v":0}
{"name":"hexo","hostname":"wangyilindeMacBook-Air.local","pid":31662,"level":20,"msg":"Generator: \u001b[35mpage\u001b[39m","time":"2016-07-15T08:37:27.783Z","v":0}
{"name":"hexo","hostname":"wangyilindeMacBook-Air.local","pid":31662,"level":20,"msg":"Generator: \u001b[35mpost\u001b[39m","time":"2016-07-15T08:37:27.784Z","v":0}
{"name":"hexo","hostname":"wangyilindeMacBook-Air.local","pid":31662,"level":20,"msg":"Generator: \u001b[35mcategory\u001b[39m","time":"2016-07-15T08:37:27.784Z","v":0}
{"name":"hexo","hostname":"wangyilindeMacBook-Air.local","pid":31662,"level":20,"msg":"Generator: \u001b[35marchive\u001b[39m","time":"2016-07-15T08:37:27.785Z","v":0}
{"name":"hexo","hostname":"wangyilindeMacBook-Air.local","pid":31662,"level":20,"msg":"Generator: \u001b[35mfeed\u001b[39m","time":"2016-07-15T08:37:27.785Z","v":0}
{"name":"hexo","hostname":"wangyilindeMacBook-Air.local","pid":31662,"level":20,"msg":"Generator: \u001b[35mindex\u001b[39m","time":"2016-07-15T08:37:27.785Z","v":0}
{"name":"hexo","hostname":"wangyilindeMacBook-Air.local","pid":31662,"level":20,"msg":"Generator: \u001b[35msitemap\u001b[39m","time":"2016-07-15T08:37:27.785Z","v":0}
{"name":"hexo","hostname":"wangyilindeMacBook-Air.local","pid":31662,"level":20,"msg":"Generator: \u001b[35mtag\u001b[39m","time":"2016-07-15T08:37:27.785Z","v":0}
{"name":"hexo","hostname":"wangyilindeMacBook-Air.local","pid":31662,"level":20,"msg":"Generator: \u001b[35masset\u001b[39m","time":"2016-07-15T08:37:27.786Z","v":0}
{"name":"hexo","hostname":"wangyilindeMacBook-Air.local","pid":31662,"level":20,"msg":"Rendering archive: \u001b[35marchives/index.html\u001b[39m","time":"2016-07-15T08:37:39.060Z","v":0}
{"name":"hexo","hostname":"wangyilindeMacBook-Air.local","pid":31662,"level":20,"msg":"Theme config loaded.","time":"2016-07-15T08:38:27.695Z","v":0}
{"name":"hexo","hostname":"wangyilindeMacBook-Air.local","pid":31662,"level":20,"msg":"Processed: \u001b[35m_config.yml\u001b[39m","time":"2016-07-15T08:38:27.714Z","v":0}
{"name":"hexo","hostname":"wangyilindeMacBook-Air.local","pid":31662,"level":20,"msg":"Generator: \u001b[35mpage\u001b[39m","time":"2016-07-15T08:38:27.939Z","v":0}
{"name":"hexo","hostname":"wangyilindeMacBook-Air.local","pid":31662,"level":20,"msg":"Generator: \u001b[35mpost\u001b[39m","time":"2016-07-15T08:38:27.939Z","v":0}
{"name":"hexo","hostname":"wangyilindeMacBook-Air.local","pid":31662,"level":20,"msg":"Generator: \u001b[35mcategory\u001b[39m","time":"2016-07-15T08:38:27.939Z","v":0}
{"name":"hexo","hostname":"wangyilindeMacBook-Air.local","pid":31662,"level":20,"msg":"Generator: \u001b[35marchive\u001b[39m","time":"2016-07-15T08:38:27.939Z","v":0}
{"name":"hexo","hostname":"wangyilindeMacBook-Air.local","pid":31662,"level":20,"msg":"Generator: \u001b[35mfeed\u001b[39m","time":"2016-07-15T08:38:27.940Z","v":0}
{"name":"hexo","hostname":"wangyilindeMacBook-Air.local","pid":31662,"level":20,"msg":"Generator: \u001b[35mindex\u001b[39m","time":"2016-07-15T08:38:27.940Z","v":0}
{"name":"hexo","hostname":"wangyilindeMacBook-Air.local","pid":31662,"level":20,"msg":"Generator: \u001b[35msitemap\u001b[39m","time":"2016-07-15T08:38:27.940Z","v":0}
{"name":"hexo","hostname":"wangyilindeMacBook-Air.local","pid":31662,"level":20,"msg":"Generator: \u001b[35mtag\u001b[39m","time":"2016-07-15T08:38:27.940Z","v":0}
{"name":"hexo","hostname":"wangyilindeMacBook-Air.local","pid":31662,"level":20,"msg":"Generator: \u001b[35masset\u001b[39m","time":"2016-07-15T08:38:27.941Z","v":0}
{"name":"hexo","hostname":"wangyilindeMacBook-Air.local","pid":31662,"level":20,"msg":"Theme config loaded.","time":"2016-07-15T08:41:07.345Z","v":0}
{"name":"hexo","hostname":"wangyilindeMacBook-Air.local","pid":31662,"level":20,"msg":"Processed: \u001b[35m_config.yml\u001b[39m","time":"2016-07-15T08:41:07.347Z","v":0}
{"name":"hexo","hostname":"wangyilindeMacBook-Air.local","pid":31662,"level":20,"msg":"Generator: \u001b[35mpage\u001b[39m","time":"2016-07-15T08:41:07.537Z","v":0}
{"name":"hexo","hostname":"wangyilindeMacBook-Air.local","pid":31662,"level":20,"msg":"Generator: \u001b[35mpost\u001b[39m","time":"2016-07-15T08:41:07.537Z","v":0}
{"name":"hexo","hostname":"wangyilindeMacBook-Air.local","pid":31662,"level":20,"msg":"Generator: \u001b[35mcategory\u001b[39m","time":"2016-07-15T08:41:07.537Z","v":0}
{"name":"hexo","hostname":"wangyilindeMacBook-Air.local","pid":31662,"level":20,"msg":"Generator: \u001b[35marchive\u001b[39m","time":"2016-07-15T08:41:07.537Z","v":0}
{"name":"hexo","hostname":"wangyilindeMacBook-Air.local","pid":31662,"level":20,"msg":"Generator: \u001b[35mfeed\u001b[39m","time":"2016-07-15T08:41:07.537Z","v":0}
{"name":"hexo","hostname":"wangyilindeMacBook-Air.local","pid":31662,"level":20,"msg":"Generator: \u001b[35mindex\u001b[39m","time":"2016-07-15T08:41:07.538Z","v":0}
{"name":"hexo","hostname":"wangyilindeMacBook-Air.local","pid":31662,"level":20,"msg":"Generator: \u001b[35msitemap\u001b[39m","time":"2016-07-15T08:41:07.538Z","v":0}
{"name":"hexo","hostname":"wangyilindeMacBook-Air.local","pid":31662,"level":20,"msg":"Generator: \u001b[35mtag\u001b[39m","time":"2016-07-15T08:41:07.538Z","v":0}
{"name":"hexo","hostname":"wangyilindeMacBook-Air.local","pid":31662,"level":20,"msg":"Generator: \u001b[35masset\u001b[39m","time":"2016-07-15T08:41:07.539Z","v":0}
{"name":"hexo","hostname":"wangyilindeMacBook-Air.local","pid":31662,"level":30,"msg":"See you again","time":"2016-07-15T08:43:33.414Z","v":0}
{"name":"hexo","hostname":"wangyilindeMacBook-Air.local","pid":31662,"level":20,"msg":"Database saved","time":"2016-07-15T08:43:33.503Z","v":0}
{"name":"hexo","hostname":"wangyilindeMacBook-Air.local","pid":32746,"level":20,"msg":"Hexo version: \u001b[35m3.2.2\u001b[39m","time":"2016-07-15T08:45:55.498Z","v":0}
{"name":"hexo","hostname":"wangyilindeMacBook-Air.local","pid":32746,"level":20,"msg":"Working directory: \u001b[35m~/Desktop/apollo/\u001b[39m","time":"2016-07-15T08:45:55.504Z","v":0}
{"name":"hexo","hostname":"wangyilindeMacBook-Air.local","pid":32746,"level":20,"msg":"Config loaded: \u001b[35m~/Desktop/apollo/_config.yml\u001b[39m","time":"2016-07-15T08:45:56.063Z","v":0}
{"name":"hexo","hostname":"wangyilindeMacBook-Air.local","pid":32746,"level":20,"msg":"Plugin loaded: \u001b[35mhexo-browsersync\u001b[39m","time":"2016-07-15T08:45:56.377Z","v":0}
{"name":"hexo","hostname":"wangyilindeMacBook-Air.local","pid":32746,"level":20,"msg":"Plugin loaded: \u001b[35mhexo-generator-archive\u001b[39m","time":"2016-07-15T08:45:56.403Z","v":0}
{"name":"hexo","hostname":"wangyilindeMacBook-Air.local","pid":32746,"level":20,"msg":"Plugin loaded: \u001b[35mhexo-generator-category\u001b[39m","time":"2016-07-15T08:45:56.415Z","v":0}
{"name":"hexo","hostname":"wangyilindeMacBook-Air.local","pid":32746,"level":20,"msg":"Plugin loaded: \u001b[35mhexo-generator-feed\u001b[39m","time":"2016-07-15T08:45:56.592Z","v":0}
{"name":"hexo","hostname":"wangyilindeMacBook-Air.local","pid":32746,"level":20,"msg":"Plugin loaded: \u001b[35mhexo-generator-sitemap\u001b[39m","time":"2016-07-15T08:45:56.597Z","v":0}
{"name":"hexo","hostname":"wangyilindeMacBook-Air.local","pid":32746,"level":20,"msg":"Plugin loaded: \u001b[35mhexo-generator-tag\u001b[39m","time":"2016-07-15T08:45:56.601Z","v":0}
{"name":"hexo","hostname":"wangyilindeMacBook-Air.local","pid":32746,"level":20,"msg":"Plugin loaded: \u001b[35mhexo-renderer-ejs\u001b[39m","time":"2016-07-15T08:45:56.628Z","v":0}
{"name":"hexo","hostname":"wangyilindeMacBook-Air.local","pid":32746,"level":20,"msg":"Plugin loaded: \u001b[35mhexo-generator-index\u001b[39m","time":"2016-07-15T08:45:56.633Z","v":0}
{"name":"hexo","hostname":"wangyilindeMacBook-Air.local","pid":32746,"level":20,"msg":"Plugin loaded: \u001b[35mhexo-renderer-jade\u001b[39m","time":"2016-07-15T08:45:57.523Z","v":0}
{"name":"hexo","hostname":"wangyilindeMacBook-Air.local","pid":32746,"level":20,"msg":"Plugin loaded: \u001b[35mhexo-server\u001b[39m","time":"2016-07-15T08:45:57.844Z","v":0}
{"name":"hexo","hostname":"wangyilindeMacBook-Air.local","pid":32746,"level":20,"msg":"Plugin loaded: \u001b[35mhexo-renderer-stylus\u001b[39m","time":"2016-07-15T08:45:57.849Z","v":0}
{"name":"hexo","hostname":"wangyilindeMacBook-Air.local","pid":32746,"level":20,"msg":"Plugin loaded: \u001b[35mhexo-renderer-marked\u001b[39m","time":"2016-07-15T08:45:57.868Z","v":0}
{"name":"hexo","hostname":"wangyilindeMacBook-Air.local","pid":32746,"level":20,"msg":"Loading database.","time":"2016-07-15T08:46:08.586Z","v":0}
{"name":"hexo","hostname":"wangyilindeMacBook-Air.local","pid":32746,"level":30,"msg":"Start processing","time":"2016-07-15T08:46:08.608Z","v":0}
{"name":"hexo","hostname":"wangyilindeMacBook-Air.local","pid":32746,"level":20,"msg":"Processed: \u001b[35msource/favicon.png\u001b[39m","time":"2016-07-15T08:46:08.735Z","v":0}
{"name":"hexo","hostname":"wangyilindeMacBook-Air.local","pid":32746,"level":20,"msg":"Theme config loaded.","time":"2016-07-15T08:46:08.812Z","v":0}
{"name":"hexo","hostname":"wangyilindeMacBook-Air.local","pid":32746,"level":20,"msg":"Processed: \u001b[35m_config.yml\u001b[39m","time":"2016-07-15T08:46:08.875Z","v":0}
{"name":"hexo","hostname":"wangyilindeMacBook-Air.local","pid":32746,"level":20,"msg":"Processed: \u001b[35m_posts/2015-08-20-bfc-note.markdown\u001b[39m","time":"2016-07-15T08:46:08.897Z","v":0}
{"name":"hexo","hostname":"wangyilindeMacBook-Air.local","pid":32746,"level":20,"msg":"Processed: \u001b[35msource/scss/apollo.scss\u001b[39m","time":"2016-07-15T08:46:08.897Z","v":0}
{"name":"hexo","hostname":"wangyilindeMacBook-Air.local","pid":32746,"level":20,"msg":"Processed: \u001b[35msource/css/apollo.css\u001b[39m","time":"2016-07-15T08:46:08.898Z","v":0}
{"name":"hexo","hostname":"wangyilindeMacBook-Air.local","pid":32746,"level":20,"msg":"Processed: \u001b[35m_posts/2015-08-20-javascript-oop.md\u001b[39m","time":"2016-07-15T08:46:08.899Z","v":0}
{"name":"hexo","hostname":"wangyilindeMacBook-Air.local","pid":32746,"level":20,"msg":"Processed: \u001b[35m_posts/2015-08-24-qunar-interview.markdown\u001b[39m","time":"2016-07-15T08:46:08.905Z","v":0}
{"name":"hexo","hostname":"wangyilindeMacBook-Air.local","pid":32746,"level":20,"msg":"Processed: \u001b[35m_posts/2015-11-23-angular-uirouter.md\u001b[39m","time":"2016-07-15T08:46:08.908Z","v":0}
{"name":"hexo","hostname":"wangyilindeMacBook-Air.local","pid":32746,"level":20,"msg":"Processed: \u001b[35mabout/index.md\u001b[39m","time":"2016-07-15T08:46:08.953Z","v":0}
{"name":"hexo","hostname":"wangyilindeMacBook-Air.local","pid":32746,"level":20,"msg":"Processed: \u001b[35m_posts/2016-01-02-clouser-scope.md\u001b[39m","time":"2016-07-15T08:46:08.963Z","v":0}
{"name":"hexo","hostname":"wangyilindeMacBook-Air.local","pid":32746,"level":20,"msg":"Processed: \u001b[35m_posts/2016-03-10-cookie-localstorage-session.md\u001b[39m","time":"2016-07-15T08:46:08.966Z","v":0}
{"name":"hexo","hostname":"wangyilindeMacBook-Air.local","pid":32746,"level":20,"msg":"Processed: \u001b[35m_posts/2015-12-03-html-in-email.md\u001b[39m","time":"2016-07-15T08:46:08.967Z","v":0}
{"name":"hexo","hostname":"wangyilindeMacBook-Air.local","pid":32746,"level":20,"msg":"Processed: \u001b[35m_posts/2016-06-05-angular-data-binding.markdown\u001b[39m","time":"2016-07-15T08:46:08.968Z","v":0}
{"name":"hexo","hostname":"wangyilindeMacBook-Air.local","pid":32746,"level":20,"msg":"Processed: \u001b[35m_posts/2016-03-17-vieport-percentage.md\u001b[39m","time":"2016-07-15T08:46:08.969Z","v":0}
{"name":"hexo","hostname":"wangyilindeMacBook-Air.local","pid":32746,"level":20,"msg":"Processed: \u001b[35m_posts/2016-06-09-rebase-workflow.md\u001b[39m","time":"2016-07-15T08:46:08.969Z","v":0}
{"name":"hexo","hostname":"wangyilindeMacBook-Air.local","pid":32746,"level":20,"msg":"Processed: \u001b[35mlayout/archive.jade\u001b[39m","time":"2016-07-15T08:46:09.725Z","v":0}
{"name":"hexo","hostname":"wangyilindeMacBook-Air.local","pid":32746,"level":20,"msg":"Processed: \u001b[35mlayout/post.jade\u001b[39m","time":"2016-07-15T08:46:09.726Z","v":0}
{"name":"hexo","hostname":"wangyilindeMacBook-Air.local","pid":32746,"level":20,"msg":"Processed: \u001b[35mlayout/index.jade\u001b[39m","time":"2016-07-15T08:46:09.726Z","v":0}
{"name":"hexo","hostname":"wangyilindeMacBook-Air.local","pid":32746,"level":20,"msg":"Processed: \u001b[35mlanguages/en.yml\u001b[39m","time":"2016-07-15T08:46:09.727Z","v":0}
{"name":"hexo","hostname":"wangyilindeMacBook-Air.local","pid":32746,"level":20,"msg":"Processed: \u001b[35mlanguages/zh-cn.yml\u001b[39m","time":"2016-07-15T08:46:09.727Z","v":0}
{"name":"hexo","hostname":"wangyilindeMacBook-Air.local","pid":32746,"level":20,"msg":"Processed: \u001b[35mlayout/mixins/paginator.jade\u001b[39m","time":"2016-07-15T08:46:09.908Z","v":0}
{"name":"hexo","hostname":"wangyilindeMacBook-Air.local","pid":32746,"level":20,"msg":"Processed: \u001b[35mlayout/mixins/post.jade\u001b[39m","time":"2016-07-15T08:46:09.908Z","v":0}
{"name":"hexo","hostname":"wangyilindeMacBook-Air.local","pid":32746,"level":20,"msg":"Processed: \u001b[35mlayout/partial/nav.jade\u001b[39m","time":"2016-07-15T08:46:09.909Z","v":0}
{"name":"hexo","hostname":"wangyilindeMacBook-Air.local","pid":32746,"level":20,"msg":"Processed: \u001b[35mlayout/partial/scripts.jade\u001b[39m","time":"2016-07-15T08:46:09.909Z","v":0}
{"name":"hexo","hostname":"wangyilindeMacBook-Air.local","pid":32746,"level":20,"msg":"Processed: \u001b[35mlayout/partial/layout.jade\u001b[39m","time":"2016-07-15T08:46:09.909Z","v":0}
{"name":"hexo","hostname":"wangyilindeMacBook-Air.local","pid":32746,"level":20,"msg":"Processed: \u001b[35mlayout/partial/copyright.jade\u001b[39m","time":"2016-07-15T08:46:09.909Z","v":0}
{"name":"hexo","hostname":"wangyilindeMacBook-Air.local","pid":32746,"level":20,"msg":"Processed: \u001b[35mlayout/partial/comment.jade\u001b[39m","time":"2016-07-15T08:46:09.910Z","v":0}
{"name":"hexo","hostname":"wangyilindeMacBook-Air.local","pid":32746,"level":20,"msg":"Processed: \u001b[35mlayout/partial/head.jade\u001b[39m","time":"2016-07-15T08:46:09.937Z","v":0}
{"name":"hexo","hostname":"wangyilindeMacBook-Air.local","pid":32746,"level":20,"msg":"Generator: \u001b[35mpage\u001b[39m","time":"2016-07-15T08:46:10.656Z","v":0}
{"name":"hexo","hostname":"wangyilindeMacBook-Air.local","pid":32746,"level":20,"msg":"Generator: \u001b[35mpost\u001b[39m","time":"2016-07-15T08:46:10.656Z","v":0}
{"name":"hexo","hostname":"wangyilindeMacBook-Air.local","pid":32746,"level":20,"msg":"Generator: \u001b[35marchive\u001b[39m","time":"2016-07-15T08:46:10.656Z","v":0}
{"name":"hexo","hostname":"wangyilindeMacBook-Air.local","pid":32746,"level":20,"msg":"Generator: \u001b[35mcategory\u001b[39m","time":"2016-07-15T08:46:10.656Z","v":0}
{"name":"hexo","hostname":"wangyilindeMacBook-Air.local","pid":32746,"level":20,"msg":"Generator: \u001b[35mfeed\u001b[39m","time":"2016-07-15T08:46:10.657Z","v":0}
{"name":"hexo","hostname":"wangyilindeMacBook-Air.local","pid":32746,"level":20,"msg":"Generator: \u001b[35msitemap\u001b[39m","time":"2016-07-15T08:46:10.657Z","v":0}
{"name":"hexo","hostname":"wangyilindeMacBook-Air.local","pid":32746,"level":20,"msg":"Generator: \u001b[35mtag\u001b[39m","time":"2016-07-15T08:46:10.657Z","v":0}
{"name":"hexo","hostname":"wangyilindeMacBook-Air.local","pid":32746,"level":20,"msg":"Generator: \u001b[35mindex\u001b[39m","time":"2016-07-15T08:46:10.657Z","v":0}
{"name":"hexo","hostname":"wangyilindeMacBook-Air.local","pid":32746,"level":20,"msg":"Generator: \u001b[35masset\u001b[39m","time":"2016-07-15T08:46:10.658Z","v":0}
{"name":"hexo","hostname":"wangyilindeMacBook-Air.local","pid":32746,"level":30,"msg":"Hexo is running at \u001b[4mhttp://localhost:4000/\u001b[24m. Press Ctrl+C to stop.","time":"2016-07-15T08:46:10.670Z","v":0}
{"name":"hexo","hostname":"wangyilindeMacBook-Air.local","pid":32746,"level":20,"msg":"Database saved","time":"2016-07-15T08:46:10.707Z","v":0}
{"name":"hexo","hostname":"wangyilindeMacBook-Air.local","pid":32746,"level":20,"msg":"Rendering index: \u001b[35mindex.html\u001b[39m","time":"2016-07-15T08:47:45.765Z","v":0}
{"name":"hexo","hostname":"wangyilindeMacBook-Air.local","pid":32746,"level":20,"msg":"Rendering post: \u001b[35mabout/index.html\u001b[39m","time":"2016-07-15T08:47:50.507Z","v":0}
{"name":"hexo","hostname":"wangyilindeMacBook-Air.local","pid":32746,"level":20,"msg":"Rendering index: \u001b[35mindex.html\u001b[39m","time":"2016-07-15T08:48:14.424Z","v":0}
{"name":"hexo","hostname":"wangyilindeMacBook-Air.local","pid":32746,"level":20,"msg":"Rendering post: \u001b[35m2016/03/17/2016-03-17-vieport-percentage/index.html\u001b[39m","time":"2016-07-15T08:48:20.411Z","v":0}
{"name":"hexo","hostname":"wangyilindeMacBook-Air.local","pid":32746,"level":20,"msg":"Rendering post: \u001b[35m2016/06/05/2016-06-05-angular-data-binding/index.html\u001b[39m","time":"2016-07-15T09:02:29.950Z","v":0}
{"name":"hexo","hostname":"wangyilindeMacBook-Air.local","pid":32746,"level":20,"msg":"Rendering index: \u001b[35mindex.html\u001b[39m","time":"2016-07-15T09:08:17.422Z","v":0}
{"name":"hexo","hostname":"wangyilindeMacBook-Air.local","pid":32746,"level":20,"msg":"Generator: \u001b[35mpage\u001b[39m","time":"2016-07-15T09:08:45.302Z","v":0}
{"name":"hexo","hostname":"wangyilindeMacBook-Air.local","pid":32746,"level":20,"msg":"Generator: \u001b[35mpost\u001b[39m","time":"2016-07-15T09:08:45.303Z","v":0}
{"name":"hexo","hostname":"wangyilindeMacBook-Air.local","pid":32746,"level":20,"msg":"Generator: \u001b[35marchive\u001b[39m","time":"2016-07-15T09:08:45.304Z","v":0}
{"name":"hexo","hostname":"wangyilindeMacBook-Air.local","pid":32746,"level":20,"msg":"Generator: \u001b[35mcategory\u001b[39m","time":"2016-07-15T09:08:45.307Z","v":0}
{"name":"hexo","hostname":"wangyilindeMacBook-Air.local","pid":32746,"level":20,"msg":"Generator: \u001b[35mfeed\u001b[39m","time":"2016-07-15T09:08:45.307Z","v":0}
{"name":"hexo","hostname":"wangyilindeMacBook-Air.local","pid":32746,"level":20,"msg":"Generator: \u001b[35msitemap\u001b[39m","time":"2016-07-15T09:08:45.307Z","v":0}
{"name":"hexo","hostname":"wangyilindeMacBook-Air.local","pid":32746,"level":20,"msg":"Generator: \u001b[35mtag\u001b[39m","time":"2016-07-15T09:08:45.307Z","v":0}
{"name":"hexo","hostname":"wangyilindeMacBook-Air.local","pid":32746,"level":20,"msg":"Generator: \u001b[35mindex\u001b[39m","time":"2016-07-15T09:08:45.307Z","v":0}
{"name":"hexo","hostname":"wangyilindeMacBook-Air.local","pid":32746,"level":20,"msg":"Generator: \u001b[35masset\u001b[39m","time":"2016-07-15T09:08:45.311Z","v":0}
{"name":"hexo","hostname":"wangyilindeMacBook-Air.local","pid":32746,"level":20,"msg":"Processed: \u001b[35msource/avatar-mec.jpg\u001b[39m","time":"2016-07-15T09:09:02.530Z","v":0}
{"name":"hexo","hostname":"wangyilindeMacBook-Air.local","pid":32746,"level":20,"msg":"Generator: \u001b[35mpage\u001b[39m","time":"2016-07-15T09:09:02.952Z","v":0}
{"name":"hexo","hostname":"wangyilindeMacBook-Air.local","pid":32746,"level":20,"msg":"Generator: \u001b[35mpost\u001b[39m","time":"2016-07-15T09:09:02.952Z","v":0}
{"name":"hexo","hostname":"wangyilindeMacBook-Air.local","pid":32746,"level":20,"msg":"Generator: \u001b[35marchive\u001b[39m","time":"2016-07-15T09:09:02.952Z","v":0}
{"name":"hexo","hostname":"wangyilindeMacBook-Air.local","pid":32746,"level":20,"msg":"Generator: \u001b[35mcategory\u001b[39m","time":"2016-07-15T09:09:02.953Z","v":0}
{"name":"hexo","hostname":"wangyilindeMacBook-Air.local","pid":32746,"level":20,"msg":"Generator: \u001b[35mfeed\u001b[39m","time":"2016-07-15T09:09:02.954Z","v":0}
{"name":"hexo","hostname":"wangyilindeMacBook-Air.local","pid":32746,"level":20,"msg":"Generator: \u001b[35msitemap\u001b[39m","time":"2016-07-15T09:09:02.954Z","v":0}
{"name":"hexo","hostname":"wangyilindeMacBook-Air.local","pid":32746,"level":20,"msg":"Generator: \u001b[35mtag\u001b[39m","time":"2016-07-15T09:09:02.954Z","v":0}
{"name":"hexo","hostname":"wangyilindeMacBook-Air.local","pid":32746,"level":20,"msg":"Generator: \u001b[35mindex\u001b[39m","time":"2016-07-15T09:09:02.954Z","v":0}
{"name":"hexo","hostname":"wangyilindeMacBook-Air.local","pid":32746,"level":20,"msg":"Generator: \u001b[35masset\u001b[39m","time":"2016-07-15T09:09:02.969Z","v":0}
{"name":"hexo","hostname":"wangyilindeMacBook-Air.local","pid":32746,"level":20,"msg":"Processed: \u001b[35msource/favicon.png\u001b[39m","time":"2016-07-15T09:09:07.459Z","v":0}
{"name":"hexo","hostname":"wangyilindeMacBook-Air.local","pid":32746,"level":20,"msg":"Processed: \u001b[35msource/faviconold.png\u001b[39m","time":"2016-07-15T09:09:07.459Z","v":0}
{"name":"hexo","hostname":"wangyilindeMacBook-Air.local","pid":32746,"level":20,"msg":"Generator: \u001b[35mpage\u001b[39m","time":"2016-07-15T09:09:07.788Z","v":0}
{"name":"hexo","hostname":"wangyilindeMacBook-Air.local","pid":32746,"level":20,"msg":"Generator: \u001b[35mpost\u001b[39m","time":"2016-07-15T09:09:07.788Z","v":0}
{"name":"hexo","hostname":"wangyilindeMacBook-Air.local","pid":32746,"level":20,"msg":"Generator: \u001b[35marchive\u001b[39m","time":"2016-07-15T09:09:07.788Z","v":0}
{"name":"hexo","hostname":"wangyilindeMacBook-Air.local","pid":32746,"level":20,"msg":"Generator: \u001b[35mcategory\u001b[39m","time":"2016-07-15T09:09:07.789Z","v":0}
{"name":"hexo","hostname":"wangyilindeMacBook-Air.local","pid":32746,"level":20,"msg":"Generator: \u001b[35mfeed\u001b[39m","time":"2016-07-15T09:09:07.789Z","v":0}
{"name":"hexo","hostname":"wangyilindeMacBook-Air.local","pid":32746,"level":20,"msg":"Generator: \u001b[35msitemap\u001b[39m","time":"2016-07-15T09:09:07.789Z","v":0}
{"name":"hexo","hostname":"wangyilindeMacBook-Air.local","pid":32746,"level":20,"msg":"Generator: \u001b[35mtag\u001b[39m","time":"2016-07-15T09:09:07.789Z","v":0}
{"name":"hexo","hostname":"wangyilindeMacBook-Air.local","pid":32746,"level":20,"msg":"Generator: \u001b[35mindex\u001b[39m","time":"2016-07-15T09:09:07.792Z","v":0}
{"name":"hexo","hostname":"wangyilindeMacBook-Air.local","pid":32746,"level":20,"msg":"Generator: \u001b[35masset\u001b[39m","time":"2016-07-15T09:09:07.793Z","v":0}
{"name":"hexo","hostname":"wangyilindeMacBook-Air.local","pid":32746,"level":20,"msg":"Processed: \u001b[35msource/avatar-mec.jpg\u001b[39m","time":"2016-07-15T09:09:15.609Z","v":0}
{"name":"hexo","hostname":"wangyilindeMacBook-Air.local","pid":32746,"level":20,"msg":"Processed: \u001b[35msource/favicon.jpg\u001b[39m","time":"2016-07-15T09:09:15.643Z","v":0}
{"name":"hexo","hostname":"wangyilindeMacBook-Air.local","pid":32746,"level":20,"msg":"Generator: \u001b[35mpage\u001b[39m","time":"2016-07-15T09:09:15.965Z","v":0}
{"name":"hexo","hostname":"wangyilindeMacBook-Air.local","pid":32746,"level":20,"msg":"Generator: \u001b[35mpost\u001b[39m","time":"2016-07-15T09:09:15.965Z","v":0}
{"name":"hexo","hostname":"wangyilindeMacBook-Air.local","pid":32746,"level":20,"msg":"Generator: \u001b[35marchive\u001b[39m","time":"2016-07-15T09:09:15.965Z","v":0}
{"name":"hexo","hostname":"wangyilindeMacBook-Air.local","pid":32746,"level":20,"msg":"Generator: \u001b[35mcategory\u001b[39m","time":"2016-07-15T09:09:15.966Z","v":0}
{"name":"hexo","hostname":"wangyilindeMacBook-Air.local","pid":32746,"level":20,"msg":"Generator: \u001b[35mfeed\u001b[39m","time":"2016-07-15T09:09:15.966Z","v":0}
{"name":"hexo","hostname":"wangyilindeMacBook-Air.local","pid":32746,"level":20,"msg":"Generator: \u001b[35msitemap\u001b[39m","time":"2016-07-15T09:09:15.966Z","v":0}
{"name":"hexo","hostname":"wangyilindeMacBook-Air.local","pid":32746,"level":20,"msg":"Generator: \u001b[35mtag\u001b[39m","time":"2016-07-15T09:09:15.966Z","v":0}
{"name":"hexo","hostname":"wangyilindeMacBook-Air.local","pid":32746,"level":20,"msg":"Generator: \u001b[35mindex\u001b[39m","time":"2016-07-15T09:09:15.969Z","v":0}
{"name":"hexo","hostname":"wangyilindeMacBook-Air.local","pid":32746,"level":20,"msg":"Generator: \u001b[35masset\u001b[39m","time":"2016-07-15T09:09:15.969Z","v":0}
{"name":"hexo","hostname":"wangyilindeMacBook-Air.local","pid":32746,"level":20,"msg":"Rendering index: \u001b[35mindex.html\u001b[39m","time":"2016-07-15T09:09:17.992Z","v":0}
{"name":"hexo","hostname":"wangyilindeMacBook-Air.local","pid":32746,"level":20,"msg":"Generator: \u001b[35mpage\u001b[39m","time":"2016-07-15T09:10:16.322Z","v":0}
{"name":"hexo","hostname":"wangyilindeMacBook-Air.local","pid":32746,"level":20,"msg":"Generator: \u001b[35mpost\u001b[39m","time":"2016-07-15T09:10:16.323Z","v":0}
{"name":"hexo","hostname":"wangyilindeMacBook-Air.local","pid":32746,"level":20,"msg":"Generator: \u001b[35marchive\u001b[39m","time":"2016-07-15T09:10:16.324Z","v":0}
{"name":"hexo","hostname":"wangyilindeMacBook-Air.local","pid":32746,"level":20,"msg":"Generator: \u001b[35mcategory\u001b[39m","time":"2016-07-15T09:10:16.330Z","v":0}
{"name":"hexo","hostname":"wangyilindeMacBook-Air.local","pid":32746,"level":20,"msg":"Generator: \u001b[35mfeed\u001b[39m","time":"2016-07-15T09:10:16.330Z","v":0}
{"name":"hexo","hostname":"wangyilindeMacBook-Air.local","pid":32746,"level":20,"msg":"Generator: \u001b[35msitemap\u001b[39m","time":"2016-07-15T09:10:16.330Z","v":0}
{"name":"hexo","hostname":"wangyilindeMacBook-Air.local","pid":32746,"level":20,"msg":"Generator: \u001b[35mtag\u001b[39m","time":"2016-07-15T09:10:16.330Z","v":0}
{"name":"hexo","hostname":"wangyilindeMacBook-Air.local","pid":32746,"level":20,"msg":"Generator: \u001b[35mindex\u001b[39m","time":"2016-07-15T09:10:16.333Z","v":0}
{"name":"hexo","hostname":"wangyilindeMacBook-Air.local","pid":32746,"level":20,"msg":"Generator: \u001b[35masset\u001b[39m","time":"2016-07-15T09:10:16.334Z","v":0}
{"name":"hexo","hostname":"wangyilindeMacBook-Air.local","pid":32746,"level":20,"msg":"Generator: \u001b[35mpage\u001b[39m","time":"2016-07-15T09:10:28.624Z","v":0}
{"name":"hexo","hostname":"wangyilindeMacBook-Air.local","pid":32746,"level":20,"msg":"Generator: \u001b[35mpost\u001b[39m","time":"2016-07-15T09:10:28.624Z","v":0}
{"name":"hexo","hostname":"wangyilindeMacBook-Air.local","pid":32746,"level":20,"msg":"Generator: \u001b[35marchive\u001b[39m","time":"2016-07-15T09:10:28.625Z","v":0}
{"name":"hexo","hostname":"wangyilindeMacBook-Air.local","pid":32746,"level":20,"msg":"Generator: \u001b[35mcategory\u001b[39m","time":"2016-07-15T09:10:28.625Z","v":0}
{"name":"hexo","hostname":"wangyilindeMacBook-Air.local","pid":32746,"level":20,"msg":"Generator: \u001b[35mfeed\u001b[39m","time":"2016-07-15T09:10:28.625Z","v":0}
{"name":"hexo","hostname":"wangyilindeMacBook-Air.local","pid":32746,"level":20,"msg":"Generator: \u001b[35msitemap\u001b[39m","time":"2016-07-15T09:10:28.625Z","v":0}
{"name":"hexo","hostname":"wangyilindeMacBook-Air.local","pid":32746,"level":20,"msg":"Generator: \u001b[35mtag\u001b[39m","time":"2016-07-15T09:10:28.625Z","v":0}
{"name":"hexo","hostname":"wangyilindeMacBook-Air.local","pid":32746,"level":20,"msg":"Generator: \u001b[35mindex\u001b[39m","time":"2016-07-15T09:10:28.627Z","v":0}
{"name":"hexo","hostname":"wangyilindeMacBook-Air.local","pid":32746,"level":20,"msg":"Generator: \u001b[35masset\u001b[39m","time":"2016-07-15T09:10:28.631Z","v":0}
{"name":"hexo","hostname":"wangyilindeMacBook-Air.local","pid":32746,"level":20,"msg":"Theme config loaded.","time":"2016-07-15T09:10:41.545Z","v":0}
{"name":"hexo","hostname":"wangyilindeMacBook-Air.local","pid":32746,"level":20,"msg":"Processed: \u001b[35m_config.yml\u001b[39m","time":"2016-07-15T09:10:41.552Z","v":0}
{"name":"hexo","hostname":"wangyilindeMacBook-Air.local","pid":32746,"level":20,"msg":"Generator: \u001b[35mpage\u001b[39m","time":"2016-07-15T09:10:41.982Z","v":0}
{"name":"hexo","hostname":"wangyilindeMacBook-Air.local","pid":32746,"level":20,"msg":"Generator: \u001b[35mpost\u001b[39m","time":"2016-07-15T09:10:41.982Z","v":0}
{"name":"hexo","hostname":"wangyilindeMacBook-Air.local","pid":32746,"level":20,"msg":"Generator: \u001b[35marchive\u001b[39m","time":"2016-07-15T09:10:41.983Z","v":0}
{"name":"hexo","hostname":"wangyilindeMacBook-Air.local","pid":32746,"level":20,"msg":"Generator: \u001b[35mcategory\u001b[39m","time":"2016-07-15T09:10:41.986Z","v":0}
{"name":"hexo","hostname":"wangyilindeMacBook-Air.local","pid":32746,"level":20,"msg":"Generator: \u001b[35mfeed\u001b[39m","time":"2016-07-15T09:10:41.986Z","v":0}
{"name":"hexo","hostname":"wangyilindeMacBook-Air.local","pid":32746,"level":20,"msg":"Generator: \u001b[35msitemap\u001b[39m","time":"2016-07-15T09:10:41.987Z","v":0}
{"name":"hexo","hostname":"wangyilindeMacBook-Air.local","pid":32746,"level":20,"msg":"Generator: \u001b[35mtag\u001b[39m","time":"2016-07-15T09:10:41.987Z","v":0}
{"name":"hexo","hostname":"wangyilindeMacBook-Air.local","pid":32746,"level":20,"msg":"Generator: \u001b[35mindex\u001b[39m","time":"2016-07-15T09:10:41.992Z","v":0}
{"name":"hexo","hostname":"wangyilindeMacBook-Air.local","pid":32746,"level":20,"msg":"Generator: \u001b[35masset\u001b[39m","time":"2016-07-15T09:10:41.993Z","v":0}
{"name":"hexo","hostname":"wangyilindeMacBook-Air.local","pid":32746,"level":30,"msg":"Catch you later","time":"2016-07-15T09:10:44.771Z","v":0}
{"name":"hexo","hostname":"wangyilindeMacBook-Air.local","pid":32746,"level":20,"msg":"Database saved","time":"2016-07-15T09:10:44.876Z","v":0}
{"name":"hexo","hostname":"wangyilindeMacBook-Air.local","pid":33086,"level":20,"msg":"Hexo version: \u001b[35m3.2.2\u001b[39m","time":"2016-07-15T09:10:50.554Z","v":0}
{"name":"hexo","hostname":"wangyilindeMacBook-Air.local","pid":33086,"level":20,"msg":"Working directory: \u001b[35m~/Desktop/apollo/\u001b[39m","time":"2016-07-15T09:10:50.568Z","v":0}
{"name":"hexo","hostname":"wangyilindeMacBook-Air.local","pid":33086,"level":20,"msg":"Config loaded: \u001b[35m~/Desktop/apollo/_config.yml\u001b[39m","time":"2016-07-15T09:10:51.364Z","v":0}
{"name":"hexo","hostname":"wangyilindeMacBook-Air.local","pid":33086,"level":20,"msg":"Plugin loaded: \u001b[35mhexo-browsersync\u001b[39m","time":"2016-07-15T09:10:51.750Z","v":0}
{"name":"hexo","hostname":"wangyilindeMacBook-Air.local","pid":33086,"level":20,"msg":"Plugin loaded: \u001b[35mhexo-generator-archive\u001b[39m","time":"2016-07-15T09:10:51.775Z","v":0}
{"name":"hexo","hostname":"wangyilindeMacBook-Air.local","pid":33086,"level":20,"msg":"Plugin loaded: \u001b[35mhexo-generator-feed\u001b[39m","time":"2016-07-15T09:10:51.972Z","v":0}
{"name":"hexo","hostname":"wangyilindeMacBook-Air.local","pid":33086,"level":20,"msg":"Plugin loaded: \u001b[35mhexo-generator-category\u001b[39m","time":"2016-07-15T09:10:51.984Z","v":0}
{"name":"hexo","hostname":"wangyilindeMacBook-Air.local","pid":33086,"level":20,"msg":"Plugin loaded: \u001b[35mhexo-generator-tag\u001b[39m","time":"2016-07-15T09:10:51.989Z","v":0}
{"name":"hexo","hostname":"wangyilindeMacBook-Air.local","pid":33086,"level":20,"msg":"Plugin loaded: \u001b[35mhexo-generator-index\u001b[39m","time":"2016-07-15T09:10:51.997Z","v":0}
{"name":"hexo","hostname":"wangyilindeMacBook-Air.local","pid":33086,"level":20,"msg":"Plugin loaded: \u001b[35mhexo-renderer-ejs\u001b[39m","time":"2016-07-15T09:10:52.019Z","v":0}
{"name":"hexo","hostname":"wangyilindeMacBook-Air.local","pid":33086,"level":20,"msg":"Plugin loaded: \u001b[35mhexo-generator-sitemap\u001b[39m","time":"2016-07-15T09:10:52.033Z","v":0}
{"name":"hexo","hostname":"wangyilindeMacBook-Air.local","pid":33086,"level":20,"msg":"Plugin loaded: \u001b[35mhexo-renderer-jade\u001b[39m","time":"2016-07-15T09:10:53.222Z","v":0}
{"name":"hexo","hostname":"wangyilindeMacBook-Air.local","pid":33086,"level":20,"msg":"Plugin loaded: \u001b[35mhexo-renderer-stylus\u001b[39m","time":"2016-07-15T09:10:53.233Z","v":0}
{"name":"hexo","hostname":"wangyilindeMacBook-Air.local","pid":33086,"level":20,"msg":"Plugin loaded: \u001b[35mhexo-renderer-marked\u001b[39m","time":"2016-07-15T09:10:53.256Z","v":0}
{"name":"hexo","hostname":"wangyilindeMacBook-Air.local","pid":33086,"level":20,"msg":"Plugin loaded: \u001b[35mhexo-server\u001b[39m","time":"2016-07-15T09:10:53.609Z","v":0}
{"name":"hexo","hostname":"wangyilindeMacBook-Air.local","pid":33086,"level":20,"msg":"Loading database.","time":"2016-07-15T09:10:55.107Z","v":0}
{"name":"hexo","hostname":"wangyilindeMacBook-Air.local","pid":33086,"level":30,"msg":"Start processing","time":"2016-07-15T09:10:55.601Z","v":0}
{"name":"hexo","hostname":"wangyilindeMacBook-Air.local","pid":33086,"level":20,"msg":"Processed: \u001b[35m_posts/2015-12-03-html-in-email.md\u001b[39m","time":"2016-07-15T09:10:55.923Z","v":0}
{"name":"hexo","hostname":"wangyilindeMacBook-Air.local","pid":33086,"level":20,"msg":"Processed: \u001b[35m_posts/2015-08-20-javascript-oop.md\u001b[39m","time":"2016-07-15T09:10:55.923Z","v":0}
{"name":"hexo","hostname":"wangyilindeMacBook-Air.local","pid":33086,"level":20,"msg":"Processed: \u001b[35m_posts/2015-08-20-bfc-note.markdown\u001b[39m","time":"2016-07-15T09:10:55.923Z","v":0}
{"name":"hexo","hostname":"wangyilindeMacBook-Air.local","pid":33086,"level":20,"msg":"Processed: \u001b[35m_posts/2015-08-24-qunar-interview.markdown\u001b[39m","time":"2016-07-15T09:10:55.924Z","v":0}
{"name":"hexo","hostname":"wangyilindeMacBook-Air.local","pid":33086,"level":20,"msg":"Processed: \u001b[35m_posts/2016-06-05-angular-data-binding.markdown\u001b[39m","time":"2016-07-15T09:10:55.924Z","v":0}
{"name":"hexo","hostname":"wangyilindeMacBook-Air.local","pid":33086,"level":20,"msg":"Processed: \u001b[35m_posts/2016-03-10-cookie-localstorage-session.md\u001b[39m","time":"2016-07-15T09:10:55.924Z","v":0}
{"name":"hexo","hostname":"wangyilindeMacBook-Air.local","pid":33086,"level":20,"msg":"Processed: \u001b[35m_posts/2016-01-02-clouser-scope.md\u001b[39m","time":"2016-07-15T09:10:55.924Z","v":0}
{"name":"hexo","hostname":"wangyilindeMacBook-Air.local","pid":33086,"level":20,"msg":"Processed: \u001b[35m_posts/2015-11-23-angular-uirouter.md\u001b[39m","time":"2016-07-15T09:10:55.924Z","v":0}
{"name":"hexo","hostname":"wangyilindeMacBook-Air.local","pid":33086,"level":20,"msg":"Processed: \u001b[35mabout/index.md\u001b[39m","time":"2016-07-15T09:10:55.924Z","v":0}
{"name":"hexo","hostname":"wangyilindeMacBook-Air.local","pid":33086,"level":20,"msg":"Processed: \u001b[35m_posts/2016-06-09-rebase-workflow.md\u001b[39m","time":"2016-07-15T09:10:55.925Z","v":0}
{"name":"hexo","hostname":"wangyilindeMacBook-Air.local","pid":33086,"level":20,"msg":"Processed: \u001b[35m_posts/2016-03-17-vieport-percentage.md\u001b[39m","time":"2016-07-15T09:10:55.925Z","v":0}
{"name":"hexo","hostname":"wangyilindeMacBook-Air.local","pid":33086,"level":20,"msg":"Processed: \u001b[35msource/faviconold.png\u001b[39m","time":"2016-07-15T09:10:55.939Z","v":0}
{"name":"hexo","hostname":"wangyilindeMacBook-Air.local","pid":33086,"level":20,"msg":"Processed: \u001b[35msource/favicon.jpg\u001b[39m","time":"2016-07-15T09:10:55.944Z","v":0}
{"name":"hexo","hostname":"wangyilindeMacBook-Air.local","pid":33086,"level":20,"msg":"Theme config loaded.","time":"2016-07-15T09:10:56.211Z","v":0}
{"name":"hexo","hostname":"wangyilindeMacBook-Air.local","pid":33086,"level":20,"msg":"Processed: \u001b[35m_config.yml\u001b[39m","time":"2016-07-15T09:10:56.212Z","v":0}
{"name":"hexo","hostname":"wangyilindeMacBook-Air.local","pid":33086,"level":20,"msg":"Processed: \u001b[35msource/scss/apollo.scss\u001b[39m","time":"2016-07-15T09:10:56.213Z","v":0}
{"name":"hexo","hostname":"wangyilindeMacBook-Air.local","pid":33086,"level":20,"msg":"Processed: \u001b[35msource/css/apollo.css\u001b[39m","time":"2016-07-15T09:10:56.213Z","v":0}
{"name":"hexo","hostname":"wangyilindeMacBook-Air.local","pid":33086,"level":20,"msg":"Processed: \u001b[35mlayout/archive.jade\u001b[39m","time":"2016-07-15T09:10:57.971Z","v":0}
{"name":"hexo","hostname":"wangyilindeMacBook-Air.local","pid":33086,"level":20,"msg":"Processed: \u001b[35mlayout/index.jade\u001b[39m","time":"2016-07-15T09:10:57.972Z","v":0}
{"name":"hexo","hostname":"wangyilindeMacBook-Air.local","pid":33086,"level":20,"msg":"Processed: \u001b[35mlayout/post.jade\u001b[39m","time":"2016-07-15T09:10:57.972Z","v":0}
{"name":"hexo","hostname":"wangyilindeMacBook-Air.local","pid":33086,"level":20,"msg":"Processed: \u001b[35mlanguages/en.yml\u001b[39m","time":"2016-07-15T09:10:57.994Z","v":0}
{"name":"hexo","hostname":"wangyilindeMacBook-Air.local","pid":33086,"level":20,"msg":"Processed: \u001b[35mlanguages/zh-cn.yml\u001b[39m","time":"2016-07-15T09:10:57.995Z","v":0}
{"name":"hexo","hostname":"wangyilindeMacBook-Air.local","pid":33086,"level":20,"msg":"Processed: \u001b[35mlayout/mixins/paginator.jade\u001b[39m","time":"2016-07-15T09:10:58.695Z","v":0}
{"name":"hexo","hostname":"wangyilindeMacBook-Air.local","pid":33086,"level":20,"msg":"Processed: \u001b[35mlayout/mixins/post.jade\u001b[39m","time":"2016-07-15T09:10:58.696Z","v":0}
{"name":"hexo","hostname":"wangyilindeMacBook-Air.local","pid":33086,"level":20,"msg":"Processed: \u001b[35mlayout/partial/comment.jade\u001b[39m","time":"2016-07-15T09:10:58.698Z","v":0}
{"name":"hexo","hostname":"wangyilindeMacBook-Air.local","pid":33086,"level":20,"msg":"Processed: \u001b[35mlayout/partial/head.jade\u001b[39m","time":"2016-07-15T09:10:58.699Z","v":0}
{"name":"hexo","hostname":"wangyilindeMacBook-Air.local","pid":33086,"level":20,"msg":"Processed: \u001b[35mlayout/partial/copyright.jade\u001b[39m","time":"2016-07-15T09:10:58.700Z","v":0}
{"name":"hexo","hostname":"wangyilindeMacBook-Air.local","pid":33086,"level":20,"msg":"Processed: \u001b[35mlayout/partial/layout.jade\u001b[39m","time":"2016-07-15T09:10:58.700Z","v":0}
{"name":"hexo","hostname":"wangyilindeMacBook-Air.local","pid":33086,"level":20,"msg":"Processed: \u001b[35mlayout/partial/nav.jade\u001b[39m","time":"2016-07-15T09:10:58.700Z","v":0}
{"name":"hexo","hostname":"wangyilindeMacBook-Air.local","pid":33086,"level":20,"msg":"Processed: \u001b[35mlayout/partial/scripts.jade\u001b[39m","time":"2016-07-15T09:10:58.701Z","v":0}
{"name":"hexo","hostname":"wangyilindeMacBook-Air.local","pid":33086,"level":20,"msg":"Processed: \u001b[35msource/favicon.png\u001b[39m","time":"2016-07-15T09:10:58.983Z","v":0}
{"name":"hexo","hostname":"wangyilindeMacBook-Air.local","pid":33086,"level":20,"msg":"Generator: \u001b[35mpage\u001b[39m","time":"2016-07-15T09:10:59.516Z","v":0}
{"name":"hexo","hostname":"wangyilindeMacBook-Air.local","pid":33086,"level":20,"msg":"Generator: \u001b[35mpost\u001b[39m","time":"2016-07-15T09:10:59.516Z","v":0}
{"name":"hexo","hostname":"wangyilindeMacBook-Air.local","pid":33086,"level":20,"msg":"Generator: \u001b[35marchive\u001b[39m","time":"2016-07-15T09:10:59.517Z","v":0}
{"name":"hexo","hostname":"wangyilindeMacBook-Air.local","pid":33086,"level":20,"msg":"Generator: \u001b[35mfeed\u001b[39m","time":"2016-07-15T09:10:59.517Z","v":0}
{"name":"hexo","hostname":"wangyilindeMacBook-Air.local","pid":33086,"level":20,"msg":"Generator: \u001b[35mcategory\u001b[39m","time":"2016-07-15T09:10:59.518Z","v":0}
{"name":"hexo","hostname":"wangyilindeMacBook-Air.local","pid":33086,"level":20,"msg":"Generator: \u001b[35mtag\u001b[39m","time":"2016-07-15T09:10:59.518Z","v":0}
{"name":"hexo","hostname":"wangyilindeMacBook-Air.local","pid":33086,"level":20,"msg":"Generator: \u001b[35mindex\u001b[39m","time":"2016-07-15T09:10:59.518Z","v":0}
{"name":"hexo","hostname":"wangyilindeMacBook-Air.local","pid":33086,"level":20,"msg":"Generator: \u001b[35msitemap\u001b[39m","time":"2016-07-15T09:10:59.518Z","v":0}
{"name":"hexo","hostname":"wangyilindeMacBook-Air.local","pid":33086,"level":20,"msg":"Generator: \u001b[35masset\u001b[39m","time":"2016-07-15T09:10:59.519Z","v":0}
{"name":"hexo","hostname":"wangyilindeMacBook-Air.local","pid":33086,"level":30,"msg":"Hexo is running at \u001b[4mhttp://localhost:4000/\u001b[24m. Press Ctrl+C to stop.","time":"2016-07-15T09:10:59.540Z","v":0}
{"name":"hexo","hostname":"wangyilindeMacBook-Air.local","pid":33086,"level":20,"msg":"Database saved","time":"2016-07-15T09:10:59.618Z","v":0}
{"name":"hexo","hostname":"wangyilindeMacBook-Air.local","pid":33086,"level":20,"msg":"Rendering index: \u001b[35mindex.html\u001b[39m","time":"2016-07-15T09:11:01.222Z","v":0}
{"name":"hexo","hostname":"wangyilindeMacBook-Air.local","pid":33086,"level":20,"msg":"Generator: \u001b[35mpage\u001b[39m","time":"2016-07-15T09:13:23.941Z","v":0}
{"name":"hexo","hostname":"wangyilindeMacBook-Air.local","pid":33086,"level":20,"msg":"Generator: \u001b[35mpost\u001b[39m","time":"2016-07-15T09:13:23.942Z","v":0}
{"name":"hexo","hostname":"wangyilindeMacBook-Air.local","pid":33086,"level":20,"msg":"Generator: \u001b[35marchive\u001b[39m","time":"2016-07-15T09:13:23.942Z","v":0}
{"name":"hexo","hostname":"wangyilindeMacBook-Air.local","pid":33086,"level":20,"msg":"Generator: \u001b[35mfeed\u001b[39m","time":"2016-07-15T09:13:23.942Z","v":0}
{"name":"hexo","hostname":"wangyilindeMacBook-Air.local","pid":33086,"level":20,"msg":"Generator: \u001b[35mcategory\u001b[39m","time":"2016-07-15T09:13:23.942Z","v":0}
{"name":"hexo","hostname":"wangyilindeMacBook-Air.local","pid":33086,"level":20,"msg":"Generator: \u001b[35mtag\u001b[39m","time":"2016-07-15T09:13:23.943Z","v":0}
{"name":"hexo","hostname":"wangyilindeMacBook-Air.local","pid":33086,"level":20,"msg":"Generator: \u001b[35mindex\u001b[39m","time":"2016-07-15T09:13:23.944Z","v":0}
{"name":"hexo","hostname":"wangyilindeMacBook-Air.local","pid":33086,"level":20,"msg":"Generator: \u001b[35msitemap\u001b[39m","time":"2016-07-15T09:13:23.944Z","v":0}
{"name":"hexo","hostname":"wangyilindeMacBook-Air.local","pid":33086,"level":20,"msg":"Generator: \u001b[35masset\u001b[39m","time":"2016-07-15T09:13:23.945Z","v":0}
{"name":"hexo","hostname":"wangyilindeMacBook-Air.local","pid":33086,"level":20,"msg":"Processed: \u001b[35msource/faviconold.png\u001b[39m","time":"2016-07-15T09:13:30.651Z","v":0}
{"name":"hexo","hostname":"wangyilindeMacBook-Air.local","pid":33086,"level":20,"msg":"Processed: \u001b[35msource/favicon.png\u001b[39m","time":"2016-07-15T09:13:30.653Z","v":0}
{"name":"hexo","hostname":"wangyilindeMacBook-Air.local","pid":33086,"level":20,"msg":"Generator: \u001b[35mpage\u001b[39m","time":"2016-07-15T09:13:30.790Z","v":0}
{"name":"hexo","hostname":"wangyilindeMacBook-Air.local","pid":33086,"level":20,"msg":"Generator: \u001b[35mpost\u001b[39m","time":"2016-07-15T09:13:30.790Z","v":0}
{"name":"hexo","hostname":"wangyilindeMacBook-Air.local","pid":33086,"level":20,"msg":"Generator: \u001b[35marchive\u001b[39m","time":"2016-07-15T09:13:30.790Z","v":0}
{"name":"hexo","hostname":"wangyilindeMacBook-Air.local","pid":33086,"level":20,"msg":"Generator: \u001b[35mfeed\u001b[39m","time":"2016-07-15T09:13:30.790Z","v":0}
{"name":"hexo","hostname":"wangyilindeMacBook-Air.local","pid":33086,"level":20,"msg":"Generator: \u001b[35mcategory\u001b[39m","time":"2016-07-15T09:13:30.790Z","v":0}
{"name":"hexo","hostname":"wangyilindeMacBook-Air.local","pid":33086,"level":20,"msg":"Generator: \u001b[35mtag\u001b[39m","time":"2016-07-15T09:13:30.791Z","v":0}
{"name":"hexo","hostname":"wangyilindeMacBook-Air.local","pid":33086,"level":20,"msg":"Generator: \u001b[35mindex\u001b[39m","time":"2016-07-15T09:13:30.791Z","v":0}
{"name":"hexo","hostname":"wangyilindeMacBook-Air.local","pid":33086,"level":20,"msg":"Generator: \u001b[35msitemap\u001b[39m","time":"2016-07-15T09:13:30.791Z","v":0}
{"name":"hexo","hostname":"wangyilindeMacBook-Air.local","pid":33086,"level":20,"msg":"Generator: \u001b[35masset\u001b[39m","time":"2016-07-15T09:13:30.791Z","v":0}
{"name":"hexo","hostname":"wangyilindeMacBook-Air.local","pid":33086,"level":20,"msg":"Theme config loaded.","time":"2016-07-15T09:13:37.941Z","v":0}
{"name":"hexo","hostname":"wangyilindeMacBook-Air.local","pid":33086,"level":20,"msg":"Processed: \u001b[35m_config.yml\u001b[39m","time":"2016-07-15T09:13:37.942Z","v":0}
{"name":"hexo","hostname":"wangyilindeMacBook-Air.local","pid":33086,"level":20,"msg":"Generator: \u001b[35mpage\u001b[39m","time":"2016-07-15T09:13:38.150Z","v":0}
{"name":"hexo","hostname":"wangyilindeMacBook-Air.local","pid":33086,"level":20,"msg":"Generator: \u001b[35mpost\u001b[39m","time":"2016-07-15T09:13:38.150Z","v":0}
{"name":"hexo","hostname":"wangyilindeMacBook-Air.local","pid":33086,"level":20,"msg":"Generator: \u001b[35marchive\u001b[39m","time":"2016-07-15T09:13:38.150Z","v":0}
{"name":"hexo","hostname":"wangyilindeMacBook-Air.local","pid":33086,"level":20,"msg":"Generator: \u001b[35mfeed\u001b[39m","time":"2016-07-15T09:13:38.150Z","v":0}
{"name":"hexo","hostname":"wangyilindeMacBook-Air.local","pid":33086,"level":20,"msg":"Generator: \u001b[35mcategory\u001b[39m","time":"2016-07-15T09:13:38.150Z","v":0}
{"name":"hexo","hostname":"wangyilindeMacBook-Air.local","pid":33086,"level":20,"msg":"Generator: \u001b[35mtag\u001b[39m","time":"2016-07-15T09:13:38.151Z","v":0}
{"name":"hexo","hostname":"wangyilindeMacBook-Air.local","pid":33086,"level":20,"msg":"Generator: \u001b[35mindex\u001b[39m","time":"2016-07-15T09:13:38.151Z","v":0}
{"name":"hexo","hostname":"wangyilindeMacBook-Air.local","pid":33086,"level":20,"msg":"Generator: \u001b[35msitemap\u001b[39m","time":"2016-07-15T09:13:38.151Z","v":0}
{"name":"hexo","hostname":"wangyilindeMacBook-Air.local","pid":33086,"level":20,"msg":"Generator: \u001b[35masset\u001b[39m","time":"2016-07-15T09:13:38.152Z","v":0}
{"name":"hexo","hostname":"wangyilindeMacBook-Air.local","pid":33086,"level":20,"msg":"Rendering index: \u001b[35mindex.html\u001b[39m","time":"2016-07-15T09:13:40.186Z","v":0}
{"name":"hexo","hostname":"wangyilindeMacBook-Air.local","pid":33086,"level":20,"msg":"Rendering post: \u001b[35m2016/06/09/2016-06-09-rebase-workflow/index.html\u001b[39m","time":"2016-07-15T09:13:54.068Z","v":0}
{"name":"hexo","hostname":"wangyilindeMacBook-Air.local","pid":33086,"level":20,"msg":"Rendering post: \u001b[35mabout/index.html\u001b[39m","time":"2016-07-15T09:14:09.369Z","v":0}
{"name":"hexo","hostname":"wangyilindeMacBook-Air.local","pid":33086,"level":20,"msg":"Rendering index: \u001b[35mindex.html\u001b[39m","time":"2016-07-15T09:14:14.543Z","v":0}
{"name":"hexo","hostname":"wangyilindeMacBook-Air.local","pid":33086,"level":20,"msg":"Generator: \u001b[35mpage\u001b[39m","time":"2016-07-15T09:15:22.062Z","v":0}
{"name":"hexo","hostname":"wangyilindeMacBook-Air.local","pid":33086,"level":20,"msg":"Generator: \u001b[35mpost\u001b[39m","time":"2016-07-15T09:15:22.063Z","v":0}
{"name":"hexo","hostname":"wangyilindeMacBook-Air.local","pid":33086,"level":20,"msg":"Generator: \u001b[35marchive\u001b[39m","time":"2016-07-15T09:15:22.072Z","v":0}
{"name":"hexo","hostname":"wangyilindeMacBook-Air.local","pid":33086,"level":20,"msg":"Generator: \u001b[35mfeed\u001b[39m","time":"2016-07-15T09:15:22.072Z","v":0}
{"name":"hexo","hostname":"wangyilindeMacBook-Air.local","pid":33086,"level":20,"msg":"Generator: \u001b[35mcategory\u001b[39m","time":"2016-07-15T09:15:22.072Z","v":0}
{"name":"hexo","hostname":"wangyilindeMacBook-Air.local","pid":33086,"level":20,"msg":"Generator: \u001b[35mtag\u001b[39m","time":"2016-07-15T09:15:22.072Z","v":0}
{"name":"hexo","hostname":"wangyilindeMacBook-Air.local","pid":33086,"level":20,"msg":"Generator: \u001b[35mindex\u001b[39m","time":"2016-07-15T09:15:22.072Z","v":0}
{"name":"hexo","hostname":"wangyilindeMacBook-Air.local","pid":33086,"level":20,"msg":"Generator: \u001b[35msitemap\u001b[39m","time":"2016-07-15T09:15:22.073Z","v":0}
{"name":"hexo","hostname":"wangyilindeMacBook-Air.local","pid":33086,"level":20,"msg":"Generator: \u001b[35masset\u001b[39m","time":"2016-07-15T09:15:22.077Z","v":0}
{"name":"hexo","hostname":"wangyilindeMacBook-Air.local","pid":33086,"level":30,"msg":"Farewell","time":"2016-07-15T09:17:35.717Z","v":0}
{"name":"hexo","hostname":"wangyilindeMacBook-Air.local","pid":33086,"level":20,"msg":"Database saved","time":"2016-07-15T09:17:36.126Z","v":0}
{"name":"hexo","hostname":"wangyilindeMacBook-Air.local","pid":33416,"level":20,"msg":"Hexo version: \u001b[35m3.2.2\u001b[39m","time":"2016-07-15T09:21:38.670Z","v":0}
{"name":"hexo","hostname":"wangyilindeMacBook-Air.local","pid":33416,"level":20,"msg":"Working directory: \u001b[35m~/Desktop/MechanicianW.github.io/\u001b[39m","time":"2016-07-15T09:21:38.678Z","v":0}
{"name":"hexo","hostname":"wangyilindeMacBook-Air.local","pid":33416,"level":20,"msg":"Config loaded: \u001b[35m~/Desktop/MechanicianW.github.io/_config.yml\u001b[39m","time":"2016-07-15T09:21:39.261Z","v":0}
{"name":"hexo","hostname":"wangyilindeMacBook-Air.local","pid":33416,"level":20,"msg":"Plugin loaded: \u001b[35mhexo-generator-archive\u001b[39m","time":"2016-07-15T09:21:39.345Z","v":0}
{"name":"hexo","hostname":"wangyilindeMacBook-Air.local","pid":33416,"level":20,"msg":"Plugin loaded: \u001b[35mhexo-browsersync\u001b[39m","time":"2016-07-15T09:21:39.576Z","v":0}
{"name":"hexo","hostname":"wangyilindeMacBook-Air.local","pid":33416,"level":20,"msg":"Plugin loaded: \u001b[35mhexo-generator-index\u001b[39m","time":"2016-07-15T09:21:39.587Z","v":0}
{"name":"hexo","hostname":"wangyilindeMacBook-Air.local","pid":33416,"level":20,"msg":"Plugin loaded: \u001b[35mhexo-generator-feed\u001b[39m","time":"2016-07-15T09:21:39.765Z","v":0}
{"name":"hexo","hostname":"wangyilindeMacBook-Air.local","pid":33416,"level":20,"msg":"Plugin loaded: \u001b[35mhexo-generator-tag\u001b[39m","time":"2016-07-15T09:21:39.769Z","v":0}
{"name":"hexo","hostname":"wangyilindeMacBook-Air.local","pid":33416,"level":20,"msg":"Plugin loaded: \u001b[35mhexo-renderer-ejs\u001b[39m","time":"2016-07-15T09:21:39.787Z","v":0}
{"name":"hexo","hostname":"wangyilindeMacBook-Air.local","pid":33416,"level":20,"msg":"Plugin loaded: \u001b[35mhexo-generator-sitemap\u001b[39m","time":"2016-07-15T09:21:39.795Z","v":0}
{"name":"hexo","hostname":"wangyilindeMacBook-Air.local","pid":33416,"level":20,"msg":"Plugin loaded: \u001b[35mhexo-renderer-stylus\u001b[39m","time":"2016-07-15T09:21:39.799Z","v":0}
{"name":"hexo","hostname":"wangyilindeMacBook-Air.local","pid":33416,"level":20,"msg":"Plugin loaded: \u001b[35mhexo-renderer-jade\u001b[39m","time":"2016-07-15T09:21:40.729Z","v":0}
{"name":"hexo","hostname":"wangyilindeMacBook-Air.local","pid":33416,"level":20,"msg":"Plugin loaded: \u001b[35mhexo-generator-category\u001b[39m","time":"2016-07-15T09:21:40.741Z","v":0}
{"name":"hexo","hostname":"wangyilindeMacBook-Air.local","pid":33416,"level":20,"msg":"Plugin loaded: \u001b[35mhexo-renderer-marked\u001b[39m","time":"2016-07-15T09:21:40.757Z","v":0}
{"name":"hexo","hostname":"wangyilindeMacBook-Air.local","pid":33416,"level":20,"msg":"Plugin loaded: \u001b[35mhexo-server\u001b[39m","time":"2016-07-15T09:21:41.041Z","v":0}
{"name":"hexo","hostname":"wangyilindeMacBook-Air.local","pid":33416,"level":20,"msg":"Loading database.","time":"2016-07-15T09:21:42.349Z","v":0}
{"name":"hexo","hostname":"wangyilindeMacBook-Air.local","pid":33416,"level":30,"msg":"Start processing","time":"2016-07-15T09:21:42.505Z","v":0}
{"name":"hexo","hostname":"wangyilindeMacBook-Air.local","pid":33416,"level":20,"msg":"Processed: \u001b[35m_posts/2015-08-20-bfc-note.markdown\u001b[39m","time":"2016-07-15T09:21:42.613Z","v":0}
{"name":"hexo","hostname":"wangyilindeMacBook-Air.local","pid":33416,"level":20,"msg":"Processed: \u001b[35m_posts/2015-11-23-angular-uirouter.md\u001b[39m","time":"2016-07-15T09:21:42.614Z","v":0}
{"name":"hexo","hostname":"wangyilindeMacBook-Air.local","pid":33416,"level":20,"msg":"Processed: \u001b[35m_posts/2015-08-20-javascript-oop.md\u001b[39m","time":"2016-07-15T09:21:42.614Z","v":0}
{"name":"hexo","hostname":"wangyilindeMacBook-Air.local","pid":33416,"level":20,"msg":"Processed: \u001b[35m_posts/2015-08-24-qunar-interview.markdown\u001b[39m","time":"2016-07-15T09:21:42.614Z","v":0}
{"name":"hexo","hostname":"wangyilindeMacBook-Air.local","pid":33416,"level":20,"msg":"Processed: \u001b[35m_posts/2016-03-10-cookie-localstorage-session.md\u001b[39m","time":"2016-07-15T09:21:42.614Z","v":0}
{"name":"hexo","hostname":"wangyilindeMacBook-Air.local","pid":33416,"level":20,"msg":"Processed: \u001b[35m_posts/2015-12-03-html-in-email.md\u001b[39m","time":"2016-07-15T09:21:42.615Z","v":0}
{"name":"hexo","hostname":"wangyilindeMacBook-Air.local","pid":33416,"level":20,"msg":"Processed: \u001b[35m_posts/2016-01-02-clouser-scope.md\u001b[39m","time":"2016-07-15T09:21:42.615Z","v":0}
{"name":"hexo","hostname":"wangyilindeMacBook-Air.local","pid":33416,"level":20,"msg":"Processed: \u001b[35m_posts/2016-03-17-vieport-percentage.md\u001b[39m","time":"2016-07-15T09:21:42.615Z","v":0}
{"name":"hexo","hostname":"wangyilindeMacBook-Air.local","pid":33416,"level":20,"msg":"Processed: \u001b[35m_posts/2016-06-05-angular-data-binding.markdown\u001b[39m","time":"2016-07-15T09:21:42.615Z","v":0}
{"name":"hexo","hostname":"wangyilindeMacBook-Air.local","pid":33416,"level":20,"msg":"Processed: \u001b[35m_posts/2016-06-09-rebase-workflow.md\u001b[39m","time":"2016-07-15T09:21:42.615Z","v":0}
{"name":"hexo","hostname":"wangyilindeMacBook-Air.local","pid":33416,"level":20,"msg":"Processed: \u001b[35mabout/index.md\u001b[39m","time":"2016-07-15T09:21:42.615Z","v":0}
{"name":"hexo","hostname":"wangyilindeMacBook-Air.local","pid":33416,"level":20,"msg":"Processed: \u001b[35msource/favicon.png\u001b[39m","time":"2016-07-15T09:21:42.618Z","v":0}
{"name":"hexo","hostname":"wangyilindeMacBook-Air.local","pid":33416,"level":20,"msg":"Processed: \u001b[35msource/favicon.jpg\u001b[39m","time":"2016-07-15T09:21:42.618Z","v":0}
{"name":"hexo","hostname":"wangyilindeMacBook-Air.local","pid":33416,"level":20,"msg":"Theme config loaded.","time":"2016-07-15T09:21:42.713Z","v":0}
{"name":"hexo","hostname":"wangyilindeMacBook-Air.local","pid":33416,"level":20,"msg":"Processed: \u001b[35m_config.yml\u001b[39m","time":"2016-07-15T09:21:42.715Z","v":0}
{"name":"hexo","hostname":"wangyilindeMacBook-Air.local","pid":33416,"level":20,"msg":"Processed: \u001b[35msource/css/apollo.css\u001b[39m","time":"2016-07-15T09:21:42.716Z","v":0}
{"name":"hexo","hostname":"wangyilindeMacBook-Air.local","pid":33416,"level":20,"msg":"Processed: \u001b[35msource/scss/apollo.scss\u001b[39m","time":"2016-07-15T09:21:42.722Z","v":0}
{"name":"hexo","hostname":"wangyilindeMacBook-Air.local","pid":33416,"level":20,"msg":"Processed: \u001b[35mlayout/index.jade\u001b[39m","time":"2016-07-15T09:21:43.350Z","v":0}
{"name":"hexo","hostname":"wangyilindeMacBook-Air.local","pid":33416,"level":20,"msg":"Processed: \u001b[35mlayout/post.jade\u001b[39m","time":"2016-07-15T09:21:43.351Z","v":0}
{"name":"hexo","hostname":"wangyilindeMacBook-Air.local","pid":33416,"level":20,"msg":"Processed: \u001b[35mlayout/archive.jade\u001b[39m","time":"2016-07-15T09:21:43.351Z","v":0}
{"name":"hexo","hostname":"wangyilindeMacBook-Air.local","pid":33416,"level":20,"msg":"Processed: \u001b[35mlanguages/en.yml\u001b[39m","time":"2016-07-15T09:21:43.356Z","v":0}
{"name":"hexo","hostname":"wangyilindeMacBook-Air.local","pid":33416,"level":20,"msg":"Processed: \u001b[35mlanguages/zh-cn.yml\u001b[39m","time":"2016-07-15T09:21:43.356Z","v":0}
{"name":"hexo","hostname":"wangyilindeMacBook-Air.local","pid":33416,"level":20,"msg":"Processed: \u001b[35mlayout/mixins/post.jade\u001b[39m","time":"2016-07-15T09:21:43.534Z","v":0}
{"name":"hexo","hostname":"wangyilindeMacBook-Air.local","pid":33416,"level":20,"msg":"Processed: \u001b[35mlayout/mixins/paginator.jade\u001b[39m","time":"2016-07-15T09:21:43.534Z","v":0}
{"name":"hexo","hostname":"wangyilindeMacBook-Air.local","pid":33416,"level":20,"msg":"Processed: \u001b[35mlayout/partial/copyright.jade\u001b[39m","time":"2016-07-15T09:21:43.534Z","v":0}
{"name":"hexo","hostname":"wangyilindeMacBook-Air.local","pid":33416,"level":20,"msg":"Processed: \u001b[35mlayout/partial/comment.jade\u001b[39m","time":"2016-07-15T09:21:43.535Z","v":0}
{"name":"hexo","hostname":"wangyilindeMacBook-Air.local","pid":33416,"level":20,"msg":"Processed: \u001b[35mlayout/partial/head.jade\u001b[39m","time":"2016-07-15T09:21:43.535Z","v":0}
{"name":"hexo","hostname":"wangyilindeMacBook-Air.local","pid":33416,"level":20,"msg":"Processed: \u001b[35mlayout/partial/scripts.jade\u001b[39m","time":"2016-07-15T09:21:43.535Z","v":0}
{"name":"hexo","hostname":"wangyilindeMacBook-Air.local","pid":33416,"level":20,"msg":"Processed: \u001b[35mlayout/partial/layout.jade\u001b[39m","time":"2016-07-15T09:21:43.536Z","v":0}
{"name":"hexo","hostname":"wangyilindeMacBook-Air.local","pid":33416,"level":20,"msg":"Processed: \u001b[35mlayout/partial/nav.jade\u001b[39m","time":"2016-07-15T09:21:43.536Z","v":0}
{"name":"hexo","hostname":"wangyilindeMacBook-Air.local","pid":33416,"level":20,"msg":"Processed: \u001b[35msource/faviconold.png\u001b[39m","time":"2016-07-15T09:21:43.538Z","v":0}
{"name":"hexo","hostname":"wangyilindeMacBook-Air.local","pid":33416,"level":20,"msg":"Generator: \u001b[35mpage\u001b[39m","time":"2016-07-15T09:21:43.683Z","v":0}
{"name":"hexo","hostname":"wangyilindeMacBook-Air.local","pid":33416,"level":20,"msg":"Generator: \u001b[35mpost\u001b[39m","time":"2016-07-15T09:21:43.684Z","v":0}
{"name":"hexo","hostname":"wangyilindeMacBook-Air.local","pid":33416,"level":20,"msg":"Generator: \u001b[35marchive\u001b[39m","time":"2016-07-15T09:21:43.684Z","v":0}
{"name":"hexo","hostname":"wangyilindeMacBook-Air.local","pid":33416,"level":20,"msg":"Generator: \u001b[35mindex\u001b[39m","time":"2016-07-15T09:21:43.684Z","v":0}
{"name":"hexo","hostname":"wangyilindeMacBook-Air.local","pid":33416,"level":20,"msg":"Generator: \u001b[35mfeed\u001b[39m","time":"2016-07-15T09:21:43.684Z","v":0}
{"name":"hexo","hostname":"wangyilindeMacBook-Air.local","pid":33416,"level":20,"msg":"Generator: \u001b[35mtag\u001b[39m","time":"2016-07-15T09:21:43.684Z","v":0}
{"name":"hexo","hostname":"wangyilindeMacBook-Air.local","pid":33416,"level":20,"msg":"Generator: \u001b[35msitemap\u001b[39m","time":"2016-07-15T09:21:43.685Z","v":0}
{"name":"hexo","hostname":"wangyilindeMacBook-Air.local","pid":33416,"level":20,"msg":"Generator: \u001b[35mcategory\u001b[39m","time":"2016-07-15T09:21:43.685Z","v":0}
{"name":"hexo","hostname":"wangyilindeMacBook-Air.local","pid":33416,"level":20,"msg":"Generator: \u001b[35masset\u001b[39m","time":"2016-07-15T09:21:43.686Z","v":0}
{"name":"hexo","hostname":"wangyilindeMacBook-Air.local","pid":33416,"level":30,"msg":"Hexo is running at \u001b[4mhttp://localhost:4000/\u001b[24m. Press Ctrl+C to stop.","time":"2016-07-15T09:21:43.694Z","v":0}
{"name":"hexo","hostname":"wangyilindeMacBook-Air.local","pid":33416,"level":20,"msg":"Database saved","time":"2016-07-15T09:21:43.744Z","v":0}
{"name":"hexo","hostname":"wangyilindeMacBook-Air.local","pid":33416,"level":20,"msg":"Rendering index: \u001b[35mindex.html\u001b[39m","time":"2016-07-15T09:21:54.604Z","v":0}
{"name":"hexo","hostname":"wangyilindeMacBook-Air.local","pid":33416,"level":20,"msg":"Theme config loaded.","time":"2016-07-15T09:22:56.185Z","v":0}
{"name":"hexo","hostname":"wangyilindeMacBook-Air.local","pid":33416,"level":20,"msg":"Processed: \u001b[35m_config.yml\u001b[39m","time":"2016-07-15T09:22:56.188Z","v":0}
{"name":"hexo","hostname":"wangyilindeMacBook-Air.local","pid":33416,"level":20,"msg":"Generator: \u001b[35mpage\u001b[39m","time":"2016-07-15T09:22:56.420Z","v":0}
{"name":"hexo","hostname":"wangyilindeMacBook-Air.local","pid":33416,"level":20,"msg":"Generator: \u001b[35mpost\u001b[39m","time":"2016-07-15T09:22:56.420Z","v":0}
{"name":"hexo","hostname":"wangyilindeMacBook-Air.local","pid":33416,"level":20,"msg":"Generator: \u001b[35marchive\u001b[39m","time":"2016-07-15T09:22:56.421Z","v":0}
{"name":"hexo","hostname":"wangyilindeMacBook-Air.local","pid":33416,"level":20,"msg":"Generator: \u001b[35mindex\u001b[39m","time":"2016-07-15T09:22:56.421Z","v":0}
{"name":"hexo","hostname":"wangyilindeMacBook-Air.local","pid":33416,"level":20,"msg":"Generator: \u001b[35mfeed\u001b[39m","time":"2016-07-15T09:22:56.421Z","v":0}
{"name":"hexo","hostname":"wangyilindeMacBook-Air.local","pid":33416,"level":20,"msg":"Generator: \u001b[35mtag\u001b[39m","time":"2016-07-15T09:22:56.421Z","v":0}
{"name":"hexo","hostname":"wangyilindeMacBook-Air.local","pid":33416,"level":20,"msg":"Generator: \u001b[35msitemap\u001b[39m","time":"2016-07-15T09:22:56.422Z","v":0}
{"name":"hexo","hostname":"wangyilindeMacBook-Air.local","pid":33416,"level":20,"msg":"Generator: \u001b[35mcategory\u001b[39m","time":"2016-07-15T09:22:56.422Z","v":0}
{"name":"hexo","hostname":"wangyilindeMacBook-Air.local","pid":33416,"level":20,"msg":"Generator: \u001b[35masset\u001b[39m","time":"2016-07-15T09:22:56.423Z","v":0}
{"name":"hexo","hostname":"wangyilindeMacBook-Air.local","pid":33416,"level":20,"msg":"Rendering index: \u001b[35mindex.html\u001b[39m","time":"2016-07-15T09:23:02.715Z","v":0}
{"name":"hexo","hostname":"wangyilindeMacBook-Air.local","pid":33416,"level":20,"msg":"Rendering archive: \u001b[35marchives/index.html\u001b[39m","time":"2016-07-15T09:23:08.013Z","v":0}
{"name":"hexo","hostname":"wangyilindeMacBook-Air.local","pid":33416,"level":20,"msg":"Rendering post: \u001b[35mabout/index.html\u001b[39m","time":"2016-07-15T09:23:10.228Z","v":0}
{"name":"hexo","hostname":"wangyilindeMacBook-Air.local","pid":33416,"level":20,"msg":"Rendering archive: \u001b[35marchives/index.html\u001b[39m","time":"2016-07-15T09:23:23.406Z","v":0}
{"name":"hexo","hostname":"wangyilindeMacBook-Air.local","pid":33416,"level":20,"msg":"Rendering index: \u001b[35mindex.html\u001b[39m","time":"2016-07-15T09:23:28.048Z","v":0}
{"name":"hexo","hostname":"wangyilindeMacBook-Air.local","pid":33416,"level":30,"msg":"Good bye","time":"2016-07-15T09:23:36.014Z","v":0}
{"name":"hexo","hostname":"wangyilindeMacBook-Air.local","pid":33416,"level":20,"msg":"Database saved","time":"2016-07-15T09:23:36.084Z","v":0}
